[[ 0.          0.          0.          0.          0.          0.          0.
   0.          0.          0.          0.          0.          0.          0.
   0.          0.          0.          0.          0.          0.        ]
 [ 0.          0.00254811  0.00254811  0.0025496   0.00254811  0.00254811
   0.00254662  0.00254811  0.00254811  0.00254811  0.00254811  0.00254811
   0.00254811  0.00254662  0.00254811  0.00254811  0.0025496   0.00254811
   0.00254811  0.        ]
 [ 0.          0.00257813  0.00257815  0.00257815  0.00257813  0.00257813
   0.00257811  0.00257811  0.00257813  0.00257813  0.00257813  0.00257813
   0.00257811  0.00257811  0.00257813  0.00257813  0.00257815  0.00257815
   0.00257815  0.        ]
 [ 0.          0.0026083   0.00260833  0.00260832  0.0026083   0.0026083
   0.00260828  0.00260828  0.0026083   0.0026083   0.0026083   0.0026083
   0.00260828  0.00260828  0.0026083   0.0026083   0.00260832  0.00260833
   0.00260833  0.        ]
 [ 0.          0.00260823  0.00260823  0.00260823  0.00260823  0.00260823
   0.00260823  0.00260823  0.00260823  0.00260823  0.00260823  0.00260823
   0.00260823  0.00260823  0.00260823  0.00260823  0.00260823  0.00260823
   0.00260824  0.        ]
 [ 0.          0.00260823  0.00260823  0.00260823  0.00260823  0.00260823
   0.00260823  0.00260823  0.00260823  0.00260823  0.00260823  0.00260823
   0.00260823  0.00260823  0.00260823  0.00260823  0.00260823  0.00260823
   0.00260824  0.        ]
 [ 0.          0.00260823  0.00260823  0.00260823  0.00260823  0.00260823
   0.00260823  0.00260823  0.00260823  0.00260823  0.00260823  0.00260823
   0.00260823  0.00260823  0.00260823  0.00260823  0.00260823  0.00260823
   0.00260824  0.        ]
 [ 0.          0.00260823  0.00260823  0.00260823  0.00260823  0.00260823
   0.00260823  0.00260823  0.00260823  0.00260823  0.00260823  0.00260823
   0.00260823  0.00260823  0.00260823  0.00260823  0.00260823  0.00260823
   0.00260823  0.        ]
 [ 0.          0.00260823  0.00260823  0.00260823  0.00260823  0.00260823
   0.00260823  0.00260823  0.00260823  0.00260823  0.00260823  0.00260823
   0.00260823  0.00260823  0.00260823  0.00260823  0.00260823  0.00260823
   0.00260823  0.        ]
 [ 0.          0.00260823  0.00260823  0.00260823  0.00260823  0.00260823
   0.00260823  0.00260823  0.00260823  0.00260823  0.00260823  0.00260823
   0.00260823  0.00260823  0.00260823  0.00260823  0.00260823  0.00260823
   0.00260823  0.        ]
 [ 0.          0.00260823  0.00260823  0.00260823  0.00260823  0.00260823
   0.00260823  0.00260823  0.00260823  0.00260823  0.00260823  0.00260823
   0.00260823  0.00260823  0.00260823  0.00260823  0.00260823  0.00260823
   0.00260823  0.        ]
 [ 0.          0.00260823  0.00260823  0.00260823  0.00260823  0.00260823
   0.00260823  0.00260823  0.00260823  0.00260823  0.00260823  0.00260823
   0.00260823  0.00260823  0.00260823  0.00260823  0.00260823  0.00260823
   0.00260823  0.        ]
 [ 0.          0.00260823  0.00260823  0.00260823  0.00260823  0.00260823
   0.00260823  0.00260823  0.00260823  0.00260823  0.00260823  0.00260823
   0.00260823  0.00260823  0.00260823  0.00260823  0.00260823  0.00260823
   0.00260823  0.        ]
 [ 0.          0.00260823  0.00260823  0.00260823  0.00260823  0.00260823
   0.00260823  0.00260823  0.00260823  0.00260823  0.00260823  0.00260823
   0.00260823  0.00260823  0.00260823  0.00260823  0.00260823  0.00260823
   0.00260823  0.        ]
 [ 0.          0.00260823  0.00260823  0.00260823  0.00260823  0.00260823
   0.00260823  0.00260823  0.00260823  0.00260823  0.00260823  0.00260823
   0.00260823  0.00260823  0.00260823  0.00260823  0.00260823  0.00260823
   0.00260823  0.        ]
 [ 0.          0.00260823  0.00260823  0.00260823  0.00260823  0.00260823
   0.00260823  0.00260823  0.00260823  0.00260823  0.00260823  0.00260823
   0.00260823  0.00260823  0.00260823  0.00260823  0.00260823  0.00260823
   0.00260823  0.        ]
 [ 0.          0.00260823  0.00260823  0.00260823  0.00260823  0.00260823
   0.00260823  0.00260823  0.00260823  0.00260823  0.00260823  0.00260823
   0.00260823  0.00260823  0.00260823  0.00260823  0.00260823  0.00260823
   0.00260823  0.        ]
 [ 0.          0.00260823  0.00260823  0.00260823  0.00260823  0.00260823
   0.00260823  0.00260823  0.00260823  0.00260823  0.00260823  0.00260823
   0.00260823  0.00260823  0.00260823  0.00260823  0.00260823  0.00260823
   0.00260823  0.        ]
 [ 0.          0.00260823  0.00260823  0.00260823  0.00260823  0.00260823
   0.00260823  0.00260823  0.00260823  0.00260823  0.00260823  0.00260823
   0.00260823  0.00260823  0.00260823  0.00260823  0.00260823  0.00260823
   0.00260823  0.        ]
 [ 0.          0.          0.          0.          0.          0.          0.
   0.          0.          0.          0.          0.          0.          0.
   0.          0.          0.          0.          0.          0.        ]]
