[[ 0.          0.          0.          0.          0.          0.          0.
   0.          0.          0.          0.          0.          0.          0.
   0.          0.          0.          0.          0.          0.        ]
 [ 0.          0.01619621  0.01619621  0.01619621  0.01619621  0.01619621
   0.01619621  0.01619621  0.01619621  0.01619621  0.01619621  0.01619621
   0.01619621  0.01619621  0.01619621  0.01619621  0.01619621  0.01619621
   0.01619621  0.        ]
 [ 0.          0.02072618  0.02072618  0.02072618  0.02072618  0.02072618
   0.02072618  0.02072618  0.02072618  0.02072618  0.02072618  0.02072618
   0.02072618  0.02072618  0.02072618  0.02072618  0.02072618  0.02072618
   0.02072618  0.        ]
 [ 0.          0.02297565  0.02297565  0.02297565  0.02297565  0.02297565
   0.02297565  0.02297565  0.02297565  0.02297565  0.02297565  0.02297565
   0.02297565  0.02297565  0.02297565  0.02297565  0.02297565  0.02297565
   0.02297565  0.        ]
 [ 0.          0.02307231  0.02307231  0.02307231  0.02307231  0.02307231
   0.02307231  0.02307231  0.02307231  0.02307231  0.02307231  0.02307231
   0.02307231  0.02307231  0.02307231  0.02307231  0.02307231  0.02307231
   0.02307231  0.        ]
 [ 0.          0.02302773  0.02302773  0.02302773  0.02302773  0.02302773
   0.02302773  0.02302773  0.02302773  0.02302773  0.02302773  0.02302773
   0.02302773  0.02302773  0.02302773  0.02302773  0.02302773  0.02302773
   0.02302773  0.        ]
 [ 0.          0.02300791  0.02300791  0.02300791  0.02300791  0.02300791
   0.02300791  0.02300791  0.02300791  0.02300791  0.02300791  0.02300791
   0.02300791  0.02300791  0.02300791  0.02300791  0.02300791  0.02300791
   0.02300791  0.        ]
 [ 0.          0.02300207  0.02300207  0.02300207  0.02300207  0.02300207
   0.02300207  0.02300207  0.02300207  0.02300207  0.02300207  0.02300207
   0.02300207  0.02300207  0.02300207  0.02300207  0.02300207  0.02300207
   0.02300207  0.        ]
 [ 0.          0.0230006   0.0230006   0.0230006   0.0230006   0.0230006
   0.0230006   0.0230006   0.0230006   0.0230006   0.0230006   0.0230006
   0.0230006   0.0230006   0.0230006   0.0230006   0.0230006   0.0230006
   0.0230006   0.        ]
 [ 0.          0.02300027  0.02300027  0.02300027  0.02300027  0.02300027
   0.02300027  0.02300027  0.02300027  0.02300027  0.02300027  0.02300027
   0.02300027  0.02300027  0.02300027  0.02300027  0.02300027  0.02300027
   0.02300027  0.        ]
 [ 0.          0.0230002   0.0230002   0.0230002   0.0230002   0.0230002
   0.0230002   0.0230002   0.0230002   0.0230002   0.0230002   0.0230002
   0.0230002   0.0230002   0.0230002   0.0230002   0.0230002   0.0230002
   0.0230002   0.        ]
 [ 0.          0.02300019  0.02300019  0.02300019  0.02300019  0.02300019
   0.02300019  0.02300019  0.02300019  0.02300019  0.02300019  0.02300019
   0.02300019  0.02300019  0.02300019  0.02300019  0.02300019  0.02300019
   0.02300019  0.        ]
 [ 0.          0.02300018  0.02300018  0.02300018  0.02300018  0.02300018
   0.02300018  0.02300018  0.02300018  0.02300018  0.02300018  0.02300018
   0.02300018  0.02300018  0.02300018  0.02300018  0.02300018  0.02300018
   0.02300018  0.        ]
 [ 0.          0.02300018  0.02300018  0.02300018  0.02300018  0.02300018
   0.02300018  0.02300018  0.02300018  0.02300018  0.02300018  0.02300018
   0.02300018  0.02300018  0.02300018  0.02300018  0.02300018  0.02300018
   0.02300018  0.        ]
 [ 0.          0.02300018  0.02300018  0.02300018  0.02300018  0.02300018
   0.02300018  0.02300018  0.02300018  0.02300018  0.02300018  0.02300018
   0.02300018  0.02300018  0.02300018  0.02300018  0.02300018  0.02300018
   0.02300018  0.        ]
 [ 0.          0.02300018  0.02300018  0.02300018  0.02300018  0.02300018
   0.02300018  0.02300018  0.02300018  0.02300018  0.02300018  0.02300018
   0.02300018  0.02300018  0.02300018  0.02300018  0.02300018  0.02300018
   0.02300018  0.        ]
 [ 0.          0.02300018  0.02300018  0.02300018  0.02300018  0.02300018
   0.02300018  0.02300018  0.02300018  0.02300018  0.02300018  0.02300018
   0.02300018  0.02300018  0.02300018  0.02300018  0.02300018  0.02300018
   0.02300018  0.        ]
 [ 0.          0.02300018  0.02300018  0.02300018  0.02300018  0.02300018
   0.02300018  0.02300018  0.02300018  0.02300018  0.02300018  0.02300018
   0.02300018  0.02300018  0.02300018  0.02300018  0.02300018  0.02300018
   0.02300018  0.        ]
 [ 0.          0.02300018  0.02300018  0.02300018  0.02300018  0.02300018
   0.02300018  0.02300018  0.02300018  0.02300018  0.02300018  0.02300018
   0.02300018  0.02300018  0.02300018  0.02300018  0.02300018  0.02300018
   0.02300018  0.        ]
 [ 0.          0.          0.          0.          0.          0.          0.
   0.          0.          0.          0.          0.          0.          0.
   0.          0.          0.          0.          0.          0.        ]]
