[[ 0.          0.          0.          0.          0.          0.          0.
   0.          0.          0.          0.          0.          0.          0.
   0.          0.          0.          0.          0.          0.        ]
 [ 0.          0.04462794  0.04462794  0.04546865  0.04463499  0.04462799
   0.0438128   0.04462794  0.04462794  0.04462794  0.04462794  0.04462794
   0.04462794  0.04379013  0.04462799  0.04462063  0.04549251  0.04462794
   0.04462794  0.        ]
 [ 0.          0.07183     0.07267704  0.07279216  0.07184551  0.07183019
   0.07088307  0.07101307  0.07183     0.07183     0.07183     0.07183
   0.0710168   0.07084594  0.0718302   0.07181391  0.07280339  0.07268503
   0.07268443  0.        ]
 [ 0.          0.10189112  0.10314889  0.10314687  0.10191791  0.10189156
   0.10066438  0.10064217  0.10189112  0.10189112  0.10189112  0.10189112
   0.10064419  0.10061254  0.10189159  0.10186325  0.1031536   0.10316246
   0.10316166  0.        ]
 [ 0.          0.10396999  0.10414857  0.10422869  0.10396545  0.10395659
   0.10363172  0.10369004  0.10394132  0.10395641  0.10395641  0.10394277
   0.10369279  0.1036123   0.10395661  0.10394679  0.10423556  0.10415148
   0.1041518   0.        ]
 [ 0.          0.10474117  0.10483558  0.10487794  0.1047481   0.10474342
   0.10459561  0.10463524  0.10474464  0.10474332  0.10474332  0.10474538
   0.10463704  0.10458635  0.10474343  0.10473821  0.10488166  0.10483717
   0.10483748  0.        ]
 [ 0.          0.10495102  0.10499022  0.10501567  0.1049634   0.10496133
   0.10489891  0.10492375  0.10497136  0.10496128  0.10496128  0.10497169
   0.10492478  0.10489475  0.10496133  0.104959    0.10501765  0.10499091
   0.10499118  0.        ]
 [ 0.          0.10495049  0.10496494  0.10498027  0.10496321  0.1049624
   0.10494025  0.10495589  0.10497449  0.10496238  0.10496238  0.10497461
   0.10495643  0.1049385   0.1049624   0.10496147  0.10498125  0.10496522
   0.10496542  0.        ]
 [ 0.          0.10489332  0.10489751  0.10490665  0.1049037   0.1049034
   0.10489813  0.10490784  0.10491385  0.10490339  0.10490339  0.10491389
   0.1049081   0.10489742  0.1049034   0.10490305  0.1049071   0.10489761
   0.10489771  0.        ]
 [ 0.          0.10483675  0.10483722  0.1048425   0.1048441   0.10484398
   0.10484465  0.10485045  0.10485159  0.10484398  0.10484398  0.1048516
   0.10485056  0.10484435  0.10484398  0.10484384  0.10484268  0.10483726
   0.10483726  0.        ]
 [ 0.          0.10479592  0.10479537  0.10479829  0.10480062  0.10480058
   0.1048026   0.10480592  0.10480554  0.10480058  0.10480058  0.10480554
   0.10480597  0.10480249  0.10480058  0.10480053  0.10479837  0.10479538
   0.10479539  0.        ]
 [ 0.          0.1047705   0.10476987  0.1047714   0.10477327  0.10477324
   0.10477505  0.10477687  0.10477623  0.10477326  0.10477326  0.10477622
   0.10477688  0.10477502  0.10477327  0.10477324  0.10477145  0.10476988
   0.10476988  0.        ]
 [ 0.          0.10475609  0.10475563  0.10475639  0.10475761  0.10475759
   0.10475883  0.10475977  0.10475926  0.10475761  0.10475761  0.10475925
   0.10475978  0.10475883  0.10475762  0.1047576   0.10475642  0.10475563
   0.10475563  0.        ]
 [ 0.          0.10474847  0.10474819  0.10474855  0.10474925  0.10474924
   0.10474998  0.10475044  0.10475011  0.10474925  0.10474925  0.10475011
   0.10475044  0.10474999  0.10474927  0.10474925  0.10474857  0.10474819
   0.10474819  0.        ]
 [ 0.          0.10474466  0.10474451  0.10474467  0.10474505  0.10474504
   0.10474544  0.10474566  0.10474547  0.10474505  0.10474505  0.10474546
   0.10474565  0.10474544  0.10474505  0.10474505  0.10474468  0.10474451
   0.10474451  0.        ]
 [ 0.          0.10474285  0.10474277  0.10474284  0.10474303  0.10474302
   0.10474322  0.10474332  0.10474322  0.10474303  0.10474303  0.10474322
   0.10474332  0.10474323  0.10474303  0.10474303  0.10474285  0.10474277
   0.10474277  0.        ]
 [ 0.          0.10474204  0.10474199  0.10474202  0.1047421   0.1047421
   0.1047422   0.10474224  0.10474218  0.1047421   0.1047421   0.10474218
   0.10474224  0.1047422   0.10474211  0.1047421   0.10474202  0.10474199
   0.10474199  0.        ]
 [ 0.          0.10474167  0.10474165  0.10474166  0.1047417   0.1047417
   0.10474174  0.10474176  0.10474173  0.1047417   0.1047417   0.10474173
   0.10474176  0.10474174  0.1047417   0.1047417   0.10474166  0.10474165
   0.10474165  0.        ]
 [ 0.          0.10474167  0.10474165  0.10474166  0.1047417   0.1047417
   0.10474174  0.10474176  0.10474173  0.1047417   0.1047417   0.10474173
   0.10474176  0.10474174  0.1047417   0.1047417   0.10474166  0.10474165
   0.10474165  0.        ]
 [ 0.          0.          0.          0.          0.          0.          0.
   0.          0.          0.          0.          0.          0.          0.
   0.          0.          0.          0.          0.          0.        ]]
