[[ 0.          0.          0.          0.          0.          0.          0.
   0.          0.          0.          0.          0.          0.          0.
   0.          0.          0.          0.          0.          0.        ]
 [ 0.          0.01006065  0.01006065  0.01006065  0.01006065  0.01006065
   0.01006065  0.01006065  0.01006065  0.01006065  0.01006065  0.01006065
   0.01006065  0.01006065  0.01006065  0.01006065  0.01006065  0.01006065
   0.01006065  0.        ]
 [ 0.          0.01150819  0.01150819  0.01150819  0.01150819  0.01150819
   0.01150819  0.01150819  0.01150819  0.01150819  0.01150819  0.01150819
   0.01150819  0.01150819  0.01150819  0.01150819  0.01150819  0.01150819
   0.01150819  0.        ]
 [ 0.          0.01213416  0.01213416  0.01213416  0.01213416  0.01213416
   0.01213416  0.01213416  0.01213416  0.01213416  0.01213416  0.01213416
   0.01213416  0.01213416  0.01213416  0.01213416  0.01213416  0.01213416
   0.01213416  0.        ]
 [ 0.          0.01214598  0.01214598  0.01214598  0.01214598  0.01214598
   0.01214598  0.01214598  0.01214598  0.01214598  0.01214598  0.01214598
   0.01214598  0.01214598  0.01214598  0.01214598  0.01214598  0.01214598
   0.01214598  0.        ]
 [ 0.          0.01214164  0.01214164  0.01214164  0.01214164  0.01214164
   0.01214164  0.01214164  0.01214164  0.01214164  0.01214164  0.01214164
   0.01214164  0.01214164  0.01214164  0.01214164  0.01214164  0.01214164
   0.01214164  0.        ]
 [ 0.          0.01214065  0.01214065  0.01214065  0.01214065  0.01214065
   0.01214065  0.01214065  0.01214065  0.01214065  0.01214065  0.01214065
   0.01214065  0.01214065  0.01214065  0.01214065  0.01214065  0.01214065
   0.01214065  0.        ]
 [ 0.          0.0121405   0.0121405   0.0121405   0.0121405   0.0121405
   0.0121405   0.0121405   0.0121405   0.0121405   0.0121405   0.0121405
   0.0121405   0.0121405   0.0121405   0.0121405   0.0121405   0.0121405
   0.0121405   0.        ]
 [ 0.          0.01214048  0.01214048  0.01214048  0.01214048  0.01214048
   0.01214048  0.01214048  0.01214048  0.01214048  0.01214048  0.01214048
   0.01214048  0.01214048  0.01214048  0.01214048  0.01214048  0.01214048
   0.01214048  0.        ]
 [ 0.          0.01214047  0.01214047  0.01214047  0.01214047  0.01214047
   0.01214047  0.01214047  0.01214047  0.01214047  0.01214047  0.01214047
   0.01214047  0.01214047  0.01214047  0.01214047  0.01214047  0.01214047
   0.01214047  0.        ]
 [ 0.          0.01214047  0.01214047  0.01214047  0.01214047  0.01214047
   0.01214047  0.01214047  0.01214047  0.01214047  0.01214047  0.01214047
   0.01214047  0.01214047  0.01214047  0.01214047  0.01214047  0.01214047
   0.01214047  0.        ]
 [ 0.          0.01214047  0.01214047  0.01214047  0.01214047  0.01214047
   0.01214047  0.01214047  0.01214047  0.01214047  0.01214047  0.01214047
   0.01214047  0.01214047  0.01214047  0.01214047  0.01214047  0.01214047
   0.01214047  0.        ]
 [ 0.          0.01214047  0.01214047  0.01214047  0.01214047  0.01214047
   0.01214047  0.01214047  0.01214047  0.01214047  0.01214047  0.01214047
   0.01214047  0.01214047  0.01214047  0.01214047  0.01214047  0.01214047
   0.01214047  0.        ]
 [ 0.          0.01214047  0.01214047  0.01214047  0.01214047  0.01214047
   0.01214047  0.01214047  0.01214047  0.01214047  0.01214047  0.01214047
   0.01214047  0.01214047  0.01214047  0.01214047  0.01214047  0.01214047
   0.01214047  0.        ]
 [ 0.          0.01214047  0.01214047  0.01214047  0.01214047  0.01214047
   0.01214047  0.01214047  0.01214047  0.01214047  0.01214047  0.01214047
   0.01214047  0.01214047  0.01214047  0.01214047  0.01214047  0.01214047
   0.01214047  0.        ]
 [ 0.          0.01214047  0.01214047  0.01214047  0.01214047  0.01214047
   0.01214047  0.01214047  0.01214047  0.01214047  0.01214047  0.01214047
   0.01214047  0.01214047  0.01214047  0.01214047  0.01214047  0.01214047
   0.01214047  0.        ]
 [ 0.          0.01214047  0.01214047  0.01214047  0.01214047  0.01214047
   0.01214047  0.01214047  0.01214047  0.01214047  0.01214047  0.01214047
   0.01214047  0.01214047  0.01214047  0.01214047  0.01214047  0.01214047
   0.01214047  0.        ]
 [ 0.          0.01214047  0.01214047  0.01214047  0.01214047  0.01214047
   0.01214047  0.01214047  0.01214047  0.01214047  0.01214047  0.01214047
   0.01214047  0.01214047  0.01214047  0.01214047  0.01214047  0.01214047
   0.01214047  0.        ]
 [ 0.          0.01214047  0.01214047  0.01214047  0.01214047  0.01214047
   0.01214047  0.01214047  0.01214047  0.01214047  0.01214047  0.01214047
   0.01214047  0.01214047  0.01214047  0.01214047  0.01214047  0.01214047
   0.01214047  0.        ]
 [ 0.          0.          0.          0.          0.          0.          0.
   0.          0.          0.          0.          0.          0.          0.
   0.          0.          0.          0.          0.          0.        ]]
