[[  0.00000000e+00   0.00000000e+00   0.00000000e+00   0.00000000e+00
    0.00000000e+00   0.00000000e+00   0.00000000e+00   0.00000000e+00
    0.00000000e+00   0.00000000e+00   0.00000000e+00   0.00000000e+00
    0.00000000e+00   0.00000000e+00   0.00000000e+00   0.00000000e+00
    0.00000000e+00   0.00000000e+00   0.00000000e+00   0.00000000e+00]
 [  0.00000000e+00   2.45911834e-05   2.45911834e-05   2.45925104e-05
    2.45911835e-05   2.45911834e-05   2.45898566e-05   2.45911834e-05
    2.45911834e-05   2.45911834e-05   2.45911834e-05   2.45911834e-05
    2.45911834e-05   2.45898565e-05   2.45911834e-05   2.45911834e-05
    2.45925105e-05   2.45911834e-05   2.45911834e-05   0.00000000e+00]
 [  0.00000000e+00   2.45933873e-05   2.45933875e-05   2.45933874e-05
    2.45933873e-05   2.45933873e-05   2.45933872e-05   2.45933872e-05
    2.45933873e-05   2.45933873e-05   2.45933873e-05   2.45933873e-05
    2.45933872e-05   2.45933872e-05   2.45933873e-05   2.45933873e-05
    2.45933874e-05   2.45933875e-05   2.45933874e-05   0.00000000e+00]
 [  0.00000000e+00   2.45955913e-05   2.45955915e-05   2.45955915e-05
    2.45955913e-05   2.45955913e-05   2.45955912e-05   2.45955912e-05
    2.45955913e-05   2.45955913e-05   2.45955913e-05   2.45955913e-05
    2.45955912e-05   2.45955912e-05   2.45955913e-05   2.45955913e-05
    2.45955915e-05   2.45955915e-05   2.45955914e-05   0.00000000e+00]
 [  0.00000000e+00   2.45955913e-05   2.45955913e-05   2.45955913e-05
    2.45955913e-05   2.45955913e-05   2.45955913e-05   2.45955913e-05
    2.45955913e-05   2.45955913e-05   2.45955913e-05   2.45955913e-05
    2.45955913e-05   2.45955913e-05   2.45955913e-05   2.45955913e-05
    2.45955913e-05   2.45955913e-05   2.45956622e-05   0.00000000e+00]
 [  0.00000000e+00   2.45955913e-05   2.45955913e-05   2.45955913e-05
    2.45955913e-05   2.45955913e-05   2.45955913e-05   2.45955913e-05
    2.45955913e-05   2.45955913e-05   2.45955913e-05   2.45955913e-05
    2.45955913e-05   2.45955913e-05   2.45955913e-05   2.45955913e-05
    2.45955913e-05   2.45955913e-05   2.45956594e-05   0.00000000e+00]
 [  0.00000000e+00   2.45955913e-05   2.45955913e-05   2.45955913e-05
    2.45955913e-05   2.45955913e-05   2.45955913e-05   2.45955913e-05
    2.45955913e-05   2.45955913e-05   2.45955913e-05   2.45955913e-05
    2.45955913e-05   2.45955913e-05   2.45955913e-05   2.45955913e-05
    2.45955913e-05   2.45955913e-05   2.45956490e-05   0.00000000e+00]
 [  0.00000000e+00   2.45955913e-05   2.45955913e-05   2.45955913e-05
    2.45955913e-05   2.45955913e-05   2.45955913e-05   2.45955913e-05
    2.45955913e-05   2.45955913e-05   2.45955913e-05   2.45955913e-05
    2.45955913e-05   2.45955913e-05   2.45955913e-05   2.45955913e-05
    2.45955913e-05   2.45955913e-05   2.45956329e-05   0.00000000e+00]
 [  0.00000000e+00   2.45955913e-05   2.45955913e-05   2.45955913e-05
    2.45955913e-05   2.45955913e-05   2.45955913e-05   2.45955913e-05
    2.45955913e-05   2.45955913e-05   2.45955913e-05   2.45955913e-05
    2.45955913e-05   2.45955913e-05   2.45955913e-05   2.45955913e-05
    2.45955913e-05   2.45955913e-05   2.45956130e-05   0.00000000e+00]
 [  0.00000000e+00   2.45955913e-05   2.45955913e-05   2.45955913e-05
    2.45955913e-05   2.45955913e-05   2.45955913e-05   2.45955913e-05
    2.45955913e-05   2.45955913e-05   2.45955913e-05   2.45955913e-05
    2.45955913e-05   2.45955913e-05   2.45955913e-05   2.45955913e-05
    2.45955913e-05   2.45955913e-05   2.45955913e-05   0.00000000e+00]
 [  0.00000000e+00   2.45955913e-05   2.45955913e-05   2.45955913e-05
    2.45955913e-05   2.45955913e-05   2.45955913e-05   2.45955913e-05
    2.45955913e-05   2.45955913e-05   2.45955913e-05   2.45955913e-05
    2.45955913e-05   2.45955913e-05   2.45955913e-05   2.45955913e-05
    2.45955913e-05   2.45955913e-05   2.45955913e-05   0.00000000e+00]
 [  0.00000000e+00   2.45955913e-05   2.45955913e-05   2.45955913e-05
    2.45955913e-05   2.45955913e-05   2.45955913e-05   2.45955913e-05
    2.45955913e-05   2.45955913e-05   2.45955913e-05   2.45955913e-05
    2.45955913e-05   2.45955913e-05   2.45955913e-05   2.45955913e-05
    2.45955913e-05   2.45955913e-05   2.45955913e-05   0.00000000e+00]
 [  0.00000000e+00   2.45955913e-05   2.45955913e-05   2.45955913e-05
    2.45955913e-05   2.45955913e-05   2.45955913e-05   2.45955913e-05
    2.45955913e-05   2.45955913e-05   2.45955913e-05   2.45955913e-05
    2.45955913e-05   2.45955913e-05   2.45955913e-05   2.45955913e-05
    2.45955913e-05   2.45955913e-05   2.45955913e-05   0.00000000e+00]
 [  0.00000000e+00   2.45955913e-05   2.45955913e-05   2.45955913e-05
    2.45955913e-05   2.45955913e-05   2.45955913e-05   2.45955913e-05
    2.45955913e-05   2.45955913e-05   2.45955913e-05   2.45955913e-05
    2.45955913e-05   2.45955913e-05   2.45955913e-05   2.45955913e-05
    2.45955913e-05   2.45955913e-05   2.45955913e-05   0.00000000e+00]
 [  0.00000000e+00   2.45955913e-05   2.45955913e-05   2.45955913e-05
    2.45955913e-05   2.45955913e-05   2.45955913e-05   2.45955913e-05
    2.45955913e-05   2.45955913e-05   2.45955913e-05   2.45955913e-05
    2.45955913e-05   2.45955913e-05   2.45955913e-05   2.45955913e-05
    2.45955913e-05   2.45955913e-05   2.45955913e-05   0.00000000e+00]
 [  0.00000000e+00   2.45955913e-05   2.45955913e-05   2.45955913e-05
    2.45955913e-05   2.45955913e-05   2.45955913e-05   2.45955913e-05
    2.45955913e-05   2.45955913e-05   2.45955913e-05   2.45955913e-05
    2.45955913e-05   2.45955913e-05   2.45955913e-05   2.45955913e-05
    2.45955913e-05   2.45955913e-05   2.45955913e-05   0.00000000e+00]
 [  0.00000000e+00   2.45955913e-05   2.45955913e-05   2.45955913e-05
    2.45955913e-05   2.45955913e-05   2.45955913e-05   2.45955913e-05
    2.45955913e-05   2.45955913e-05   2.45955913e-05   2.45955913e-05
    2.45955913e-05   2.45955913e-05   2.45955913e-05   2.45955913e-05
    2.45955913e-05   2.45955913e-05   2.45955913e-05   0.00000000e+00]
 [  0.00000000e+00   2.45955913e-05   2.45955913e-05   2.45955913e-05
    2.45955913e-05   2.45955913e-05   2.45955913e-05   2.45955913e-05
    2.45955913e-05   2.45955913e-05   2.45955913e-05   2.45955913e-05
    2.45955913e-05   2.45955913e-05   2.45955913e-05   2.45955913e-05
    2.45955913e-05   2.45955913e-05   2.45955913e-05   0.00000000e+00]
 [  0.00000000e+00   2.45955913e-05   2.45955913e-05   2.45955913e-05
    2.45955913e-05   2.45955913e-05   2.45955913e-05   2.45955913e-05
    2.45955913e-05   2.45955913e-05   2.45955913e-05   2.45955913e-05
    2.45955913e-05   2.45955913e-05   2.45955913e-05   2.45955913e-05
    2.45955913e-05   2.45955913e-05   2.45955913e-05   0.00000000e+00]
 [  0.00000000e+00   0.00000000e+00   0.00000000e+00   0.00000000e+00
    0.00000000e+00   0.00000000e+00   0.00000000e+00   0.00000000e+00
    0.00000000e+00   0.00000000e+00   0.00000000e+00   0.00000000e+00
    0.00000000e+00   0.00000000e+00   0.00000000e+00   0.00000000e+00
    0.00000000e+00   0.00000000e+00   0.00000000e+00   0.00000000e+00]]
