[[ 0.          0.          0.          0.          0.          0.          0.
   0.          0.          0.          0.          0.          0.          0.
   0.          0.          0.          0.          0.          0.        ]
 [ 0.          0.02758791  0.02758791  0.02758791  0.02758791  0.02758791
   0.02758791  0.02758791  0.02758791  0.02758791  0.02758791  0.02758791
   0.02758791  0.02758791  0.02758791  0.02758791  0.02758791  0.02758791
   0.02758791  0.        ]
 [ 0.          0.05336103  0.05336103  0.05336103  0.05336103  0.05336103
   0.05336103  0.05336103  0.05336103  0.05336103  0.05336103  0.05336103
   0.05336103  0.05336103  0.05336103  0.05336103  0.05336103  0.05336103
   0.05336103  0.        ]
 [ 0.          0.08913775  0.08913775  0.08913775  0.08913775  0.08913775
   0.08913775  0.08913775  0.08913775  0.08913775  0.08913775  0.08913775
   0.08913775  0.08913775  0.08913775  0.08913775  0.08913775  0.08913775
   0.08913775  0.        ]
 [ 0.          0.11538558  0.11538558  0.11538558  0.11538558  0.11538558
   0.11538558  0.11538558  0.11538558  0.11538558  0.11538558  0.11538558
   0.11538558  0.11538558  0.11538558  0.11538558  0.11538558  0.11538558
   0.11538558  0.        ]
 [ 0.          0.13671096  0.13671096  0.13671096  0.13671096  0.13671096
   0.13671096  0.13671096  0.13671096  0.13671096  0.13671096  0.13671096
   0.13671096  0.13671096  0.13671096  0.13671096  0.13671096  0.13671096
   0.13671096  0.        ]
 [ 0.          0.15431467  0.15431467  0.15431467  0.15431467  0.15431467
   0.15431467  0.15431467  0.15431467  0.15431467  0.15431467  0.15431467
   0.15431467  0.15431467  0.15431467  0.15431467  0.15431467  0.15431467
   0.15431467  0.        ]
 [ 0.          0.16853752  0.16853752  0.16853752  0.16853752  0.16853752
   0.16853752  0.16853752  0.16853752  0.16853752  0.16853752  0.16853752
   0.16853752  0.16853752  0.16853752  0.16853752  0.16853752  0.16853752
   0.16853752  0.        ]
 [ 0.          0.17965008  0.17965008  0.17965008  0.17965008  0.17965008
   0.17965008  0.17965008  0.17965008  0.17965008  0.17965008  0.17965008
   0.17965008  0.17965008  0.17965008  0.17965008  0.17965008  0.17965008
   0.17965008  0.        ]
 [ 0.          0.18802719  0.18802719  0.18802719  0.18802719  0.18802719
   0.18802719  0.18802719  0.18802719  0.18802719  0.18802719  0.18802719
   0.18802719  0.18802719  0.18802719  0.18802719  0.18802719  0.18802719
   0.18802719  0.        ]
 [ 0.          0.19412587  0.19412587  0.19412587  0.19412587  0.19412587
   0.19412587  0.19412587  0.19412587  0.19412587  0.19412587  0.19412587
   0.19412587  0.19412587  0.19412587  0.19412587  0.19412587  0.19412587
   0.19412587  0.        ]
 [ 0.          0.19842145  0.19842145  0.19842145  0.19842145  0.19842145
   0.19842145  0.19842145  0.19842145  0.19842145  0.19842145  0.19842145
   0.19842145  0.19842145  0.19842145  0.19842145  0.19842145  0.19842145
   0.19842145  0.        ]
 [ 0.          0.20135412  0.20135412  0.20135412  0.20135412  0.20135412
   0.20135412  0.20135412  0.20135412  0.20135412  0.20135412  0.20135412
   0.20135412  0.20135412  0.20135412  0.20135412  0.20135412  0.20135412
   0.20135412  0.        ]
 [ 0.          0.20329809  0.20329809  0.20329809  0.20329809  0.20329809
   0.20329809  0.20329809  0.20329809  0.20329809  0.20329809  0.20329809
   0.20329809  0.20329809  0.20329809  0.20329809  0.20329809  0.20329809
   0.20329809  0.        ]
 [ 0.          0.20455101  0.20455101  0.20455101  0.20455101  0.20455101
   0.20455101  0.20455101  0.20455101  0.20455101  0.20455101  0.20455101
   0.20455101  0.20455101  0.20455101  0.20455101  0.20455101  0.20455101
   0.20455101  0.        ]
 [ 0.          0.20533713  0.20533713  0.20533713  0.20533713  0.20533713
   0.20533713  0.20533713  0.20533713  0.20533713  0.20533713  0.20533713
   0.20533713  0.20533713  0.20533713  0.20533713  0.20533713  0.20533713
   0.20533713  0.        ]
 [ 0.          0.20581774  0.20581774  0.20581774  0.20581774  0.20581774
   0.20581774  0.20581774  0.20581774  0.20581774  0.20581774  0.20581774
   0.20581774  0.20581774  0.20581774  0.20581774  0.20581774  0.20581774
   0.20581774  0.        ]
 [ 0.          0.20610426  0.20610426  0.20610426  0.20610426  0.20610426
   0.20610426  0.20610426  0.20610426  0.20610426  0.20610426  0.20610426
   0.20610426  0.20610426  0.20610426  0.20610426  0.20610426  0.20610426
   0.20610426  0.        ]
 [ 0.          0.20610437  0.20610437  0.20610437  0.20610437  0.20610437
   0.20610437  0.20610437  0.20610437  0.20610437  0.20610437  0.20610437
   0.20610437  0.20610437  0.20610437  0.20610437  0.20610437  0.20610437
   0.20610437  0.        ]
 [ 0.          0.          0.          0.          0.          0.          0.
   0.          0.          0.          0.          0.          0.          0.
   0.          0.          0.          0.          0.          0.        ]]
