[[ 0.          0.          0.          0.          0.          0.          0.
   0.          0.          0.          0.          0.          0.          0.
   0.          0.          0.          0.          0.          0.        ]
 [ 0.          0.02759322  0.02759322  0.02759322  0.02759322  0.02759322
   0.02759322  0.02759322  0.02759322  0.02759322  0.02759322  0.02759322
   0.02759322  0.02759322  0.02759322  0.02759322  0.02759322  0.02759322
   0.02759322  0.        ]
 [ 0.          0.05345521  0.05345521  0.05345521  0.05345521  0.05345521
   0.05345521  0.05345521  0.05345521  0.05345521  0.05345521  0.05345521
   0.05345521  0.05345521  0.05345521  0.05345521  0.05345521  0.05345521
   0.05345521  0.        ]
 [ 0.          0.0900205   0.0900205   0.0900205   0.0900205   0.0900205
   0.0900205   0.0900205   0.0900205   0.0900205   0.0900205   0.0900205
   0.0900205   0.0900205   0.0900205   0.0900205   0.0900205   0.0900205
   0.0900205   0.        ]
 [ 0.          0.11847834  0.11847834  0.11847834  0.11847834  0.11847834
   0.11847834  0.11847834  0.11847834  0.11847834  0.11847834  0.11847834
   0.11847834  0.11847834  0.11847834  0.11847834  0.11847834  0.11847834
   0.11847834  0.        ]
 [ 0.          0.1442494   0.1442494   0.1442494   0.1442494   0.1442494
   0.1442494   0.1442494   0.1442494   0.1442494   0.1442494   0.1442494
   0.1442494   0.1442494   0.1442494   0.1442494   0.1442494   0.1442494
   0.1442494   0.        ]
 [ 0.          0.16913008  0.16913008  0.16913008  0.16913008  0.16913008
   0.16913008  0.16913008  0.16913008  0.16913008  0.16913008  0.16913008
   0.16913008  0.16913008  0.16913008  0.16913008  0.16913008  0.16913008
   0.16913008  0.        ]
 [ 0.          0.19371569  0.19371569  0.19371569  0.19371569  0.19371569
   0.19371569  0.19371569  0.19371569  0.19371569  0.19371569  0.19371569
   0.19371569  0.19371569  0.19371569  0.19371569  0.19371569  0.19371569
   0.19371569  0.        ]
 [ 0.          0.21820352  0.21820352  0.21820352  0.21820352  0.21820352
   0.21820352  0.21820352  0.21820352  0.21820352  0.21820352  0.21820352
   0.21820352  0.21820352  0.21820352  0.21820352  0.21820352  0.21820352
   0.21820352  0.        ]
 [ 0.          0.24265894  0.24265894  0.24265894  0.24265894  0.24265894
   0.24265894  0.24265894  0.24265894  0.24265894  0.24265894  0.24265894
   0.24265894  0.24265894  0.24265894  0.24265894  0.24265894  0.24265894
   0.24265894  0.        ]
 [ 0.          0.26710362  0.26710362  0.26710362  0.26710362  0.26710362
   0.26710362  0.26710362  0.26710362  0.26710362  0.26710362  0.26710362
   0.26710362  0.26710362  0.26710362  0.26710362  0.26710362  0.26710362
   0.26710362  0.        ]
 [ 0.          0.29154474  0.29154474  0.29154474  0.29154474  0.29154474
   0.29154474  0.29154474  0.29154474  0.29154474  0.29154474  0.29154474
   0.29154474  0.29154474  0.29154474  0.29154474  0.29154474  0.29154474
   0.29154474  0.        ]
 [ 0.          0.31598469  0.31598469  0.31598469  0.31598469  0.31598469
   0.31598469  0.31598469  0.31598469  0.31598469  0.31598469  0.31598469
   0.31598469  0.31598469  0.31598469  0.31598469  0.31598469  0.31598469
   0.31598469  0.        ]
 [ 0.          0.34042424  0.34042424  0.34042424  0.34042424  0.34042424
   0.34042424  0.34042424  0.34042424  0.34042424  0.34042424  0.34042424
   0.34042424  0.34042424  0.34042424  0.34042424  0.34042424  0.34042424
   0.34042424  0.        ]
 [ 0.          0.36486366  0.36486366  0.36486366  0.36486366  0.36486366
   0.36486366  0.36486366  0.36486366  0.36486366  0.36486366  0.36486366
   0.36486366  0.36486366  0.36486366  0.36486366  0.36486366  0.36486366
   0.36486366  0.        ]
 [ 0.          0.38930304  0.38930304  0.38930304  0.38930304  0.38930304
   0.38930304  0.38930304  0.38930304  0.38930304  0.38930304  0.38930304
   0.38930304  0.38930304  0.38930304  0.38930304  0.38930304  0.38930304
   0.38930304  0.        ]
 [ 0.          0.41374241  0.41374241  0.41374241  0.41374241  0.41374241
   0.41374241  0.41374241  0.41374241  0.41374241  0.41374241  0.41374241
   0.41374241  0.41374241  0.41374241  0.41374241  0.41374241  0.41374241
   0.41374241  0.        ]
 [ 0.          0.43818177  0.43818177  0.43818177  0.43818177  0.43818177
   0.43818177  0.43818177  0.43818177  0.43818177  0.43818177  0.43818177
   0.43818177  0.43818177  0.43818177  0.43818177  0.43818177  0.43818177
   0.43818177  0.        ]
 [ 0.          0.43819106  0.43819106  0.43819106  0.43819106  0.43819106
   0.43819106  0.43819106  0.43819106  0.43819106  0.43819106  0.43819106
   0.43819106  0.43819106  0.43819106  0.43819106  0.43819106  0.43819106
   0.43819106  0.        ]
 [ 0.          0.          0.          0.          0.          0.          0.
   0.          0.          0.          0.          0.          0.          0.
   0.          0.          0.          0.          0.          0.        ]]
