[[ 0.          0.          0.          0.          0.          0.          0.
   0.          0.          0.          0.          0.          0.          0.
   0.          0.          0.          0.          0.          0.        ]
 [ 0.          0.02759322  0.02759322  0.02759322  0.02759322  0.02759322
   0.02759322  0.02759322  0.02759322  0.02759322  0.02759322  0.02759322
   0.02759322  0.02759322  0.02759322  0.02759322  0.02759322  0.02759322
   0.02759322  0.        ]
 [ 0.          0.05345514  0.05345514  0.05345514  0.05345514  0.05345514
   0.05345514  0.05345514  0.05345514  0.05345514  0.05345514  0.05345514
   0.05345514  0.05345514  0.05345514  0.05345514  0.05345514  0.05345514
   0.05345514  0.        ]
 [ 0.          0.09001825  0.09001825  0.09001825  0.09001825  0.09001825
   0.09001825  0.09001825  0.09001825  0.09001825  0.09001825  0.09001825
   0.09001825  0.09001825  0.09001825  0.09001825  0.09001825  0.09001825
   0.09001825  0.        ]
 [ 0.          0.11846264  0.11846264  0.11846264  0.11846264  0.11846264
   0.11846264  0.11846264  0.11846264  0.11846264  0.11846264  0.11846264
   0.11846264  0.11846264  0.11846264  0.11846264  0.11846264  0.11846264
   0.11846264  0.        ]
 [ 0.          0.14418167  0.14418167  0.14418167  0.14418167  0.14418167
   0.14418167  0.14418167  0.14418167  0.14418167  0.14418167  0.14418167
   0.14418167  0.14418167  0.14418167  0.14418167  0.14418167  0.14418167
   0.14418167  0.        ]
 [ 0.          0.16891056  0.16891056  0.16891056  0.16891056  0.16891056
   0.16891056  0.16891056  0.16891056  0.16891056  0.16891056  0.16891056
   0.16891056  0.16891056  0.16891056  0.16891056  0.16891056  0.16891056
   0.16891056  0.        ]
 [ 0.          0.19313358  0.19313358  0.19313358  0.19313358  0.19313358
   0.19313358  0.19313358  0.19313358  0.19313358  0.19313358  0.19313358
   0.19313358  0.19313358  0.19313358  0.19313358  0.19313358  0.19313358
   0.19313358  0.        ]
 [ 0.          0.21687689  0.21687689  0.21687689  0.21687689  0.21687689
   0.21687689  0.21687689  0.21687689  0.21687689  0.21687689  0.21687689
   0.21687689  0.21687689  0.21687689  0.21687689  0.21687689  0.21687689
   0.21687689  0.        ]
 [ 0.          0.23997592  0.23997592  0.23997592  0.23997592  0.23997592
   0.23997592  0.23997592  0.23997592  0.23997592  0.23997592  0.23997592
   0.23997592  0.23997592  0.23997592  0.23997592  0.23997592  0.23997592
   0.23997592  0.        ]
 [ 0.          0.26217823  0.26217823  0.26217823  0.26217823  0.26217823
   0.26217823  0.26217823  0.26217823  0.26217823  0.26217823  0.26217823
   0.26217823  0.26217823  0.26217823  0.26217823  0.26217823  0.26217823
   0.26217823  0.        ]
 [ 0.          0.28319845  0.28319845  0.28319845  0.28319845  0.28319845
   0.28319845  0.28319845  0.28319845  0.28319845  0.28319845  0.28319845
   0.28319845  0.28319845  0.28319845  0.28319845  0.28319845  0.28319845
   0.28319845  0.        ]
 [ 0.          0.30275929  0.30275929  0.30275929  0.30275929  0.30275929
   0.30275929  0.30275929  0.30275929  0.30275929  0.30275929  0.30275929
   0.30275929  0.30275929  0.30275929  0.30275929  0.30275929  0.30275929
   0.30275929  0.        ]
 [ 0.          0.32062501  0.32062501  0.32062501  0.32062501  0.32062501
   0.32062501  0.32062501  0.32062501  0.32062501  0.32062501  0.32062501
   0.32062501  0.32062501  0.32062501  0.32062501  0.32062501  0.32062501
   0.32062501  0.        ]
 [ 0.          0.33662604  0.33662604  0.33662604  0.33662604  0.33662604
   0.33662604  0.33662604  0.33662604  0.33662604  0.33662604  0.33662604
   0.33662604  0.33662604  0.33662604  0.33662604  0.33662604  0.33662604
   0.33662604  0.        ]
 [ 0.          0.35067271  0.35067271  0.35067271  0.35067271  0.35067271
   0.35067271  0.35067271  0.35067271  0.35067271  0.35067271  0.35067271
   0.35067271  0.35067271  0.35067271  0.35067271  0.35067271  0.35067271
   0.35067271  0.        ]
 [ 0.          0.36275771  0.36275771  0.36275771  0.36275771  0.36275771
   0.36275771  0.36275771  0.36275771  0.36275771  0.36275771  0.36275771
   0.36275771  0.36275771  0.36275771  0.36275771  0.36275771  0.36275771
   0.36275771  0.        ]
 [ 0.          0.37294896  0.37294896  0.37294896  0.37294896  0.37294896
   0.37294896  0.37294896  0.37294896  0.37294896  0.37294896  0.37294896
   0.37294896  0.37294896  0.37294896  0.37294896  0.37294896  0.37294896
   0.37294896  0.        ]
 [ 0.          0.37295283  0.37295283  0.37295283  0.37295283  0.37295283
   0.37295283  0.37295283  0.37295283  0.37295283  0.37295283  0.37295283
   0.37295283  0.37295283  0.37295283  0.37295283  0.37295283  0.37295283
   0.37295283  0.        ]
 [ 0.          0.          0.          0.          0.          0.          0.
   0.          0.          0.          0.          0.          0.          0.
   0.          0.          0.          0.          0.          0.        ]]
