[[ 0.          0.          0.          0.          0.          0.          0.
   0.          0.          0.          0.          0.          0.          0.
   0.          0.          0.          0.          0.          0.        ]
 [ 0.          0.04918418  0.04918418  0.05041606  0.04920088  0.0491844
   0.04801194  0.04918418  0.04918418  0.04918418  0.04918418  0.04918418
   0.04918418  0.04795921  0.04918443  0.04916619  0.05047443  0.04918418
   0.04918418  0.        ]
 [ 0.          0.09555421  0.09842277  0.09875948  0.09567129  0.09555815
   0.09266523  0.09293239  0.09555421  0.09555421  0.09555421  0.09555421
   0.09295302  0.09240774  0.09555884  0.09542545  0.09883248  0.09849161
   0.09849056  0.        ]
 [ 0.          0.18805429  0.200305    0.19984496  0.18885377  0.18810325
   0.17839572  0.17735339  0.18805429  0.18805429  0.18805429  0.18805429
   0.17735292  0.17706511  0.18811686  0.18713931  0.19986067  0.20081261
   0.2008099   0.        ]
 [ 0.          0.23556248  0.24429645  0.24393387  0.23342972  0.23235096
   0.22224581  0.22079365  0.22924126  0.23225519  0.23225519  0.22944229
   0.22077747  0.22035276  0.23238519  0.23085145  0.24393508  0.24484059
   0.24484079  0.        ]
 [ 0.          0.28079144  0.2903956   0.289457    0.27709679  0.2756465
   0.26372796  0.2615681   0.27051233  0.27550045  0.27550045  0.27081159
   0.26152112  0.26135136  0.27570444  0.27355538  0.28938599  0.29104026
   0.29104057  0.        ]
 [ 0.          0.32440238  0.3342713   0.33272397  0.31913083  0.31745385
   0.30403492  0.30117107  0.31051086  0.31727714  0.31727714  0.31086772
   0.30109297  0.30141777  0.31752599  0.31500251  0.33260335  0.33493663
   0.33493697  0.        ]
 [ 0.          0.36561938  0.3754628   0.37327928  0.35892647  0.35721783
   0.34278391  0.33931278  0.34882225  0.35704122  0.35704122  0.34918911
   0.33921664  0.34020041  0.35728814  0.35473691  0.37314249  0.37608773
   0.37608796  0.        ]
 [ 0.          0.40381106  0.41336419  0.41064257  0.39595812  0.39442422
   0.37947637  0.37557624  0.38504232  0.39427528  0.39427528  0.38537349
   0.37548557  0.37716115  0.39448037  0.39223988  0.41053054  0.41389988
   0.41389986  0.        ]
 [ 0.          0.43849453  0.44755257  0.44449235  0.42983258  0.42864882
   0.41362968  0.40955223  0.41878859  0.42854012  0.42854012  0.41904836
   0.40949349  0.4117533   0.42868738  0.42699005  0.44443967  0.44796857
   0.44796819  0.        ]
 [ 0.          0.46941343  0.47775056  0.47463259  0.46059952  0.45960104
   0.44501317  0.44088977  0.44967323  0.45951273  0.45951273  0.44989343
   0.44084437  0.44341196  0.45963121  0.45821661  0.47459758  0.47809658
   0.47809624  0.        ]
 [ 0.          0.496428    0.50397483  0.50109944  0.48791657  0.48735765
   0.47332306  0.46925413  0.47745031  0.48700693  0.48700693  0.47768674
   0.46931775  0.4719181   0.48680354  0.48595697  0.50080424  0.50421365
   0.50421336  0.        ]
 [ 0.          0.51958401  0.52629017  0.52384558  0.51171687  0.5116115
   0.4983888   0.49453975  0.50205075  0.51097667  0.51097667  0.50231343
   0.49472676  0.49714411  0.51045831  0.51013156  0.52326519  0.52643254
   0.52643229  0.        ]
 [ 0.          0.53907958  0.54493093  0.5430028   0.53208572  0.53236627
   0.52022064  0.51671426  0.52347539  0.5315047   0.5315047   0.52375779
   0.51701295  0.51911425  0.53075282  0.53082428  0.54215827  0.54499531
   0.5449951   0.        ]
 [ 0.          0.55521696  0.56022674  0.55880064  0.54922141  0.54975982
   0.53894004  0.53584428  0.54181864  0.54878088  0.54878088  0.54210367
   0.53622537  0.53796323  0.54791375  0.54823391  0.55776829  0.5602359
   0.56023573  0.        ]
 [ 0.          0.56836321  0.57256856  0.57156103  0.56340142  0.56404699
   0.55474029  0.55207977  0.5572545   0.56307482  0.56307482  0.55752102
   0.55250335  0.55389399  0.56221138  0.56263955  0.57045465  0.57254446
   0.57254432  0.        ]
 [ 0.          0.57855167  0.58237291  0.58167289  0.57494842  0.57556877
   0.56786021  0.56562218  0.57052705  0.5747071   0.5747071   0.57068559
   0.5660647   0.56714889  0.57394037  0.57436765  0.5806128   0.58233372
   0.58233348  0.        ]
 [ 0.          0.58697051  0.59005145  0.58955551  0.58420297  0.58471192
   0.57856687  0.57674434  0.5808079   0.58402249  0.58402249  0.58092627
   0.57715028  0.57799263  0.58340647  0.58376472  0.58863738  0.59001041
   0.59001026  0.        ]
 [ 0.          0.58697051  0.59005129  0.58955536  0.58420297  0.58471188
   0.57856705  0.57674461  0.5808079   0.58402249  0.58402249  0.58092627
   0.57715048  0.57799283  0.58340651  0.58376472  0.58863725  0.59001026
   0.59001026  0.        ]
 [ 0.          0.          0.          0.          0.          0.          0.
   0.          0.          0.          0.          0.          0.          0.
   0.          0.          0.          0.          0.          0.        ]]
