[[ 0.          0.          0.          0.          0.          0.          0.
   0.          0.          0.          0.          0.          0.          0.
   0.          0.          0.          0.          0.          0.        ]
 [ 0.          0.05003937  0.05003937  0.06022085  0.05086211  0.05009494
   0.04245367  0.05003937  0.05003937  0.05003937  0.05003937  0.05003937
   0.05003937  0.040206    0.05012607  0.04881983  0.0640059   0.05003937
   0.05003937  0.        ]
 [ 0.          0.079379    0.09014023  0.08932994  0.08077009  0.07953553
   0.0707376   0.07193897  0.079379    0.079379    0.079379    0.079379
   0.07251228  0.06683494  0.07961673  0.07759815  0.08888479  0.09138056
   0.09137968  0.        ]
 [ 0.          0.11054872  0.12357083  0.12486656  0.11312968  0.11092817
   0.09956474  0.09831301  0.11054872  0.11054872  0.11054872  0.11054872
   0.09881235  0.09393606  0.11123914  0.10671175  0.12608316  0.12507172
   0.12507083  0.        ]
 [ 0.          0.1149104   0.11305725  0.11437191  0.1146648   0.1143566
   0.10909791  0.10838753  0.11358376  0.11425577  0.11425577  0.11387268
   0.1087802   0.10543426  0.11450555  0.11331647  0.11529027  0.11263101
   0.11263153  0.        ]
 [ 0.          0.11697386  0.11949566  0.11959903  0.11721886  0.11666077
   0.11353583  0.11320272  0.11597205  0.11654195  0.11654195  0.11616877
   0.11348923  0.11132431  0.11678921  0.11543814  0.1197651   0.11996861
   0.11996889  0.        ]
 [ 0.          0.11824696  0.11852175  0.11900712  0.11826472  0.11800246
   0.11603474  0.11588013  0.1175316   0.11794012  0.11794012  0.11764798
   0.11607136  0.11474123  0.11807439  0.11735981  0.11930733  0.11850734
   0.11850767  0.        ]
 [ 0.          0.11899226  0.11954301  0.11965277  0.11899254  0.11882313
   0.11755698  0.11748691  0.11851534  0.11878843  0.11878843  0.11857993
   0.1176051   0.11682144  0.11885784  0.11845272  0.11975377  0.11962193
   0.11962214  0.        ]
 [ 0.          0.11942851  0.11965605  0.11979057  0.11940722  0.11931582
   0.1185038   0.11847843  0.11912609  0.1192992   0.1192992   0.11915892
   0.11854705  0.11809725  0.11933067  0.11912815  0.11986258  0.11967476
   0.11967488  0.        ]
 [ 0.          0.11968388  0.11984807  0.11991225  0.11965791  0.11961181
   0.11909252  0.11909286  0.11949988  0.11960447  0.11960447  0.11951435
   0.11913035  0.11887419  0.1196179   0.11952318  0.11994772  0.11986223
   0.11986223  0.        ]
 [ 0.          0.11983324  0.11992483  0.11996995  0.11981752  0.11978988
   0.11946395  0.11947027  0.11972319  0.11978559  0.11978559  0.11973106
   0.11949221  0.11933593  0.11979336  0.11973741  0.11999294  0.11993267
   0.11993267  0.        ]
 [ 0.          0.11991972  0.11997495  0.1200059   0.11991169  0.11990532
   0.11969159  0.11969819  0.1198559   0.11989229  0.11989229  0.11986065
   0.1197151   0.11961779  0.1198838   0.11986472  0.12001236  0.11998176
   0.11998176  0.        ]
 [ 0.          0.11997006  0.12000258  0.12002368  0.11996591  0.11996942
   0.11982985  0.1198363   0.11993429  0.11995469  0.11995469  0.11993711
   0.11984959  0.11978835  0.11994245  0.11993843  0.12002442  0.12000716
   0.12000716  0.        ]
 [ 0.          0.11999924  0.12001838  0.12003275  0.11999715  0.12000363
   0.11991369  0.11991961  0.11998001  0.11999092  0.11999092  0.1199816
   0.11992957  0.11989107  0.11998023  0.11998117  0.12003099  0.12002171
   0.1200217   0.        ]
 [ 0.          0.12001614  0.12002738  0.12003698  0.12001522  0.12002114
   0.11996448  0.11996949  0.12000628  0.1200118   0.1200118   0.12000713
   0.11997653  0.11995259  0.12000413  0.12000597  0.12003477  0.12002965
   0.12002965  0.        ]
 [ 0.          0.1200259   0.12003249  0.12003877  0.12002568  0.1200298
   0.11999516  0.11999907  0.12002113  0.12002375  0.12002375  0.12002156
   0.12000376  0.11998909  0.12001888  0.12002031  0.12003693  0.12003402
   0.12003402  0.        ]
 [ 0.          0.12003122  0.1200354   0.12003941  0.12003169  0.12003403
   0.12001356  0.12001641  0.1200298   0.12003052  0.12003052  0.12003003
   0.12001935  0.12001049  0.12002772  0.12002853  0.12003814  0.12003639
   0.12003639  0.        ]
 [ 0.          0.12003466  0.12003704  0.12003954  0.12003506  0.12003615
   0.12002447  0.12002643  0.12003402  0.12003434  0.12003434  0.12003416
   0.12002815  0.12002286  0.12003287  0.12003319  0.12003879  0.12003767
   0.12003767  0.        ]
 [ 0.          0.12003466  0.12003704  0.12003954  0.12003506  0.12003615
   0.12002447  0.12002643  0.12003402  0.12003434  0.12003434  0.12003416
   0.12002815  0.12002286  0.12003287  0.12003319  0.12003879  0.12003767
   0.12003767  0.        ]
 [ 0.          0.          0.          0.          0.          0.          0.
   0.          0.          0.          0.          0.          0.          0.
   0.          0.          0.          0.          0.          0.        ]]
