[[  0.00000000e+00   0.00000000e+00   0.00000000e+00   0.00000000e+00
    0.00000000e+00   0.00000000e+00   0.00000000e+00   0.00000000e+00
    0.00000000e+00   0.00000000e+00   0.00000000e+00   0.00000000e+00
    0.00000000e+00   0.00000000e+00   0.00000000e+00   0.00000000e+00
    0.00000000e+00   0.00000000e+00   0.00000000e+00   0.00000000e+00]
 [  0.00000000e+00   1.14518128e-04   1.14518128e-04   1.14518128e-04
    1.14518128e-04   1.14518128e-04   1.14631811e-04   1.14608552e-04
    1.14567514e-04   1.14529873e-04   1.14506400e-04   1.14468794e-04
    1.14427809e-04   1.14404542e-04   1.14518128e-04   1.14518128e-04
    1.14518128e-04   1.14518128e-04   1.14518128e-04   0.00000000e+00]
 [  0.00000000e+00   9.33557489e-05   9.33557489e-05   9.33557489e-05
    9.33429995e-05   9.33409084e-05   9.33459878e-05   9.33473874e-05
    9.33502331e-05   9.33540018e-05   9.33574914e-05   9.33612250e-05
    9.33639995e-05   9.33653428e-05   9.33705736e-05   9.33684892e-05
    9.33557489e-05   9.33557489e-05   9.33557489e-05   0.00000000e+00]
 [  0.00000000e+00   6.35999424e-05   6.35999424e-05   6.35841951e-05
    6.35782582e-05   6.35755063e-05   6.35759596e-05   6.35793454e-05
    6.35860356e-05   6.35953266e-05   6.36045504e-05   6.36138365e-05
    6.36205208e-05   6.36239031e-05   6.36243678e-05   6.36216188e-05
    6.36156791e-05   6.35999424e-05   6.35999424e-05   0.00000000e+00]
 [  0.00000000e+00   6.18519111e-05   6.18513761e-05   6.18503313e-05
    6.18498359e-05   6.18496059e-05   6.18496484e-05   6.18499552e-05
    6.18505496e-05   6.18514320e-05   6.18523907e-05   6.18532826e-05
    6.18538888e-05   6.18542034e-05   6.18542475e-05   6.18540116e-05
    6.18535052e-05   6.18524460e-05   6.18524239e-05   0.00000000e+00]
 [  0.00000000e+00   6.17739588e-05   6.17739158e-05   6.17738664e-05
    6.17738409e-05   6.17738294e-05   6.17738324e-05   6.17738494e-05
    6.17738810e-05   6.17739298e-05   6.17739879e-05   6.17740380e-05
    6.17740709e-05   6.17740888e-05   6.17740920e-05   6.17740799e-05
    6.17740531e-05   6.17740021e-05   6.17740009e-05   0.00000000e+00]
 [  0.00000000e+00   6.17711739e-05   6.17711722e-05   6.17711704e-05
    6.17711694e-05   6.17711690e-05   6.17711692e-05   6.17711699e-05
    6.17711711e-05   6.17711730e-05   6.17711756e-05   6.17711776e-05
    6.17711789e-05   6.17711797e-05   6.17711799e-05   6.17711794e-05
    6.17711784e-05   6.17711764e-05   6.17712286e-05   0.00000000e+00]
 [  0.00000000e+00   6.17710917e-05   6.17710916e-05   6.17710916e-05
    6.17710916e-05   6.17710916e-05   6.17710916e-05   6.17710916e-05
    6.17710916e-05   6.17710917e-05   6.17710918e-05   6.17710918e-05
    6.17710919e-05   6.17710919e-05   6.17710919e-05   6.17710919e-05
    6.17710919e-05   6.17710918e-05   6.17711377e-05   0.00000000e+00]
 [  0.00000000e+00   6.17710896e-05   6.17710896e-05   6.17710896e-05
    6.17710896e-05   6.17710896e-05   6.17710896e-05   6.17710896e-05
    6.17710896e-05   6.17710896e-05   6.17710896e-05   6.17710896e-05
    6.17710896e-05   6.17710896e-05   6.17710896e-05   6.17710896e-05
    6.17710896e-05   6.17710896e-05   6.17711207e-05   0.00000000e+00]
 [  0.00000000e+00   6.17710896e-05   6.17710896e-05   6.17710896e-05
    6.17710896e-05   6.17710896e-05   6.17710896e-05   6.17710896e-05
    6.17710896e-05   6.17710896e-05   6.17710896e-05   6.17710896e-05
    6.17710896e-05   6.17710896e-05   6.17710896e-05   6.17710896e-05
    6.17710896e-05   6.17710896e-05   6.17711005e-05   0.00000000e+00]
 [  0.00000000e+00   6.17710896e-05   6.17710896e-05   6.17710896e-05
    6.17710896e-05   6.17710896e-05   6.17710896e-05   6.17710896e-05
    6.17710896e-05   6.17710896e-05   6.17710896e-05   6.17710896e-05
    6.17710896e-05   6.17710896e-05   6.17710896e-05   6.17710896e-05
    6.17710896e-05   6.17710896e-05   6.17710896e-05   0.00000000e+00]
 [  0.00000000e+00   6.17710896e-05   6.17710896e-05   6.17710896e-05
    6.17710896e-05   6.17710896e-05   6.17710896e-05   6.17710896e-05
    6.17710896e-05   6.17710896e-05   6.17710896e-05   6.17710896e-05
    6.17710896e-05   6.17710896e-05   6.17710896e-05   6.17710896e-05
    6.17710896e-05   6.17710896e-05   6.17710896e-05   0.00000000e+00]
 [  0.00000000e+00   6.17710896e-05   6.17710896e-05   6.17710896e-05
    6.17710896e-05   6.17710896e-05   6.17710896e-05   6.17710896e-05
    6.17710896e-05   6.17710896e-05   6.17710896e-05   6.17710896e-05
    6.17710896e-05   6.17710896e-05   6.17710896e-05   6.17710896e-05
    6.17710896e-05   6.17710896e-05   6.17710896e-05   0.00000000e+00]
 [  0.00000000e+00   6.17710896e-05   6.17710896e-05   6.17710896e-05
    6.17710896e-05   6.17710896e-05   6.17710896e-05   6.17710896e-05
    6.17710896e-05   6.17710896e-05   6.17710896e-05   6.17710896e-05
    6.17710896e-05   6.17710896e-05   6.17710896e-05   6.17710896e-05
    6.17710896e-05   6.17710896e-05   6.17710896e-05   0.00000000e+00]
 [  0.00000000e+00   6.17710896e-05   6.17710896e-05   6.17710896e-05
    6.17710896e-05   6.17710896e-05   6.17710896e-05   6.17710896e-05
    6.17710896e-05   6.17710896e-05   6.17710896e-05   6.17710896e-05
    6.17710896e-05   6.17710896e-05   6.17710896e-05   6.17710896e-05
    6.17710896e-05   6.17710896e-05   6.17710896e-05   0.00000000e+00]
 [  0.00000000e+00   6.17710896e-05   6.17710896e-05   6.17710896e-05
    6.17710896e-05   6.17710896e-05   6.17710896e-05   6.17710896e-05
    6.17710896e-05   6.17710896e-05   6.17710896e-05   6.17710896e-05
    6.17710896e-05   6.17710896e-05   6.17710896e-05   6.17710896e-05
    6.17710896e-05   6.17710896e-05   6.17710896e-05   0.00000000e+00]
 [  0.00000000e+00   6.17710896e-05   6.17710896e-05   6.17710896e-05
    6.17710896e-05   6.17710896e-05   6.17710896e-05   6.17710896e-05
    6.17710896e-05   6.17710896e-05   6.17710896e-05   6.17710896e-05
    6.17710896e-05   6.17710896e-05   6.17710896e-05   6.17710896e-05
    6.17710896e-05   6.17710896e-05   6.17710896e-05   0.00000000e+00]
 [  0.00000000e+00   6.17710896e-05   6.17710896e-05   6.17710896e-05
    6.17710896e-05   6.17710896e-05   6.17710896e-05   6.17710896e-05
    6.17710896e-05   6.17710896e-05   6.17710896e-05   6.17710896e-05
    6.17710896e-05   6.17710896e-05   6.17710896e-05   6.17710896e-05
    6.17710896e-05   6.17710896e-05   6.17710896e-05   0.00000000e+00]
 [  0.00000000e+00   6.17710896e-05   6.17710896e-05   6.17710896e-05
    6.17710896e-05   6.17710896e-05   6.17710896e-05   6.17710896e-05
    6.17710896e-05   6.17710896e-05   6.17710896e-05   6.17710896e-05
    6.17710896e-05   6.17710896e-05   6.17710896e-05   6.17710896e-05
    6.17710896e-05   6.17710896e-05   6.17710896e-05   0.00000000e+00]
 [  0.00000000e+00   0.00000000e+00   0.00000000e+00   0.00000000e+00
    0.00000000e+00   0.00000000e+00   0.00000000e+00   0.00000000e+00
    0.00000000e+00   0.00000000e+00   0.00000000e+00   0.00000000e+00
    0.00000000e+00   0.00000000e+00   0.00000000e+00   0.00000000e+00
    0.00000000e+00   0.00000000e+00   0.00000000e+00   0.00000000e+00]]
