[[ 0.          0.          0.          0.          0.          0.          0.
   0.          0.          0.          0.          0.          0.          0.
   0.          0.          0.          0.          0.          0.        ]
 [ 0.          0.00415548  0.00415548  0.00415548  0.00415548  0.00415548
   0.00419176  0.00418433  0.00417122  0.00415923  0.00415178  0.00413989
   0.00412694  0.00411949  0.00415548  0.00415548  0.00415548  0.00415548
   0.00415548  0.        ]
 [ 0.          0.00496487  0.00496487  0.00496487  0.00496837  0.00496893
   0.00498056  0.00497754  0.00497208  0.00496671  0.00496305  0.00495764
   0.00495207  0.00494889  0.00496082  0.00496138  0.00496487  0.00496487
   0.00496487  0.        ]
 [ 0.          0.00420742  0.00420742  0.00420517  0.00420521  0.00420496
   0.00420829  0.00420795  0.00420742  0.00420727  0.00420758  0.00420739
   0.00420677  0.00420634  0.00420983  0.00420959  0.00420967  0.00420742
   0.00420742  0.        ]
 [ 0.          0.00387408  0.0038732   0.00387172  0.00387118  0.00387086
   0.00387175  0.00387201  0.00387253  0.00387348  0.00387466  0.0038756
   0.00387608  0.00387631  0.00387726  0.00387696  0.00387642  0.00387495
   0.00387495  0.        ]
 [ 0.          0.00375181  0.0037512   0.00375055  0.00375023  0.00375008
   0.00375031  0.0037505   0.00375085  0.00375143  0.00375217  0.00375276
   0.00375311  0.0037533   0.00375355  0.0037534   0.00375308  0.00375242
   0.00375242  0.        ]
 [ 0.          0.00371343  0.0037132   0.00371298  0.00371286  0.0037128
   0.00371286  0.00371294  0.00371309  0.00371332  0.00371363  0.00371386
   0.00371401  0.0037141   0.00371416  0.00371411  0.00371398  0.00371375
   0.00371375  0.        ]
 [ 0.          0.00370298  0.00370292  0.00370285  0.00370282  0.0037028
   0.00370282  0.00370284  0.00370289  0.00370296  0.00370306  0.00370313
   0.00370318  0.00370321  0.00370323  0.00370321  0.00370317  0.00370311
   0.00370311  0.        ]
 [ 0.          0.00370048  0.00370046  0.00370044  0.00370044  0.00370043
   0.00370044  0.00370044  0.00370046  0.00370047  0.0037005   0.00370052
   0.00370053  0.00370054  0.00370055  0.00370054  0.00370053  0.00370051
   0.00370052  0.        ]
 [ 0.          0.00369994  0.00369994  0.00369993  0.00369993  0.00369993
   0.00369993  0.00369993  0.00369994  0.00369994  0.00369995  0.00369995
   0.00369995  0.00369996  0.00369996  0.00369996  0.00369995  0.00369995
   0.00369995  0.        ]
 [ 0.          0.00369984  0.00369984  0.00369984  0.00369984  0.00369984
   0.00369984  0.00369984  0.00369984  0.00369984  0.00369984  0.00369984
   0.00369984  0.00369984  0.00369984  0.00369984  0.00369984  0.00369984
   0.00369984  0.        ]
 [ 0.          0.00369982  0.00369982  0.00369982  0.00369982  0.00369982
   0.00369982  0.00369982  0.00369982  0.00369982  0.00369982  0.00369982
   0.00369982  0.00369982  0.00369982  0.00369982  0.00369982  0.00369982
   0.00369982  0.        ]
 [ 0.          0.00369982  0.00369982  0.00369982  0.00369982  0.00369982
   0.00369982  0.00369982  0.00369982  0.00369982  0.00369982  0.00369982
   0.00369982  0.00369982  0.00369982  0.00369982  0.00369982  0.00369982
   0.00369982  0.        ]
 [ 0.          0.00369982  0.00369982  0.00369982  0.00369982  0.00369982
   0.00369982  0.00369982  0.00369982  0.00369982  0.00369982  0.00369982
   0.00369982  0.00369982  0.00369982  0.00369982  0.00369982  0.00369982
   0.00369982  0.        ]
 [ 0.          0.00369982  0.00369982  0.00369982  0.00369982  0.00369982
   0.00369982  0.00369982  0.00369982  0.00369982  0.00369982  0.00369982
   0.00369982  0.00369982  0.00369982  0.00369982  0.00369982  0.00369982
   0.00369982  0.        ]
 [ 0.          0.00369982  0.00369982  0.00369982  0.00369982  0.00369982
   0.00369982  0.00369982  0.00369982  0.00369982  0.00369982  0.00369982
   0.00369982  0.00369982  0.00369982  0.00369982  0.00369982  0.00369982
   0.00369982  0.        ]
 [ 0.          0.00369982  0.00369982  0.00369982  0.00369982  0.00369982
   0.00369982  0.00369982  0.00369982  0.00369982  0.00369982  0.00369982
   0.00369982  0.00369982  0.00369982  0.00369982  0.00369982  0.00369982
   0.00369982  0.        ]
 [ 0.          0.00369982  0.00369982  0.00369982  0.00369982  0.00369982
   0.00369982  0.00369982  0.00369982  0.00369982  0.00369982  0.00369982
   0.00369982  0.00369982  0.00369982  0.00369982  0.00369982  0.00369982
   0.00369982  0.        ]
 [ 0.          0.00369982  0.00369982  0.00369982  0.00369982  0.00369982
   0.00369982  0.00369982  0.00369982  0.00369982  0.00369982  0.00369982
   0.00369982  0.00369982  0.00369982  0.00369982  0.00369982  0.00369982
   0.00369982  0.        ]
 [ 0.          0.          0.          0.          0.          0.          0.
   0.          0.          0.          0.          0.          0.          0.
   0.          0.          0.          0.          0.          0.        ]]
