[[  0.00000000e+00   0.00000000e+00   0.00000000e+00   0.00000000e+00
    0.00000000e+00   0.00000000e+00   0.00000000e+00   0.00000000e+00
    0.00000000e+00   0.00000000e+00   0.00000000e+00   0.00000000e+00
    0.00000000e+00   0.00000000e+00   0.00000000e+00   0.00000000e+00
    0.00000000e+00   0.00000000e+00   0.00000000e+00   0.00000000e+00]
 [  0.00000000e+00   8.77197590e-09   8.77197590e-09   8.77253702e-09
    8.77197591e-09   8.77197590e-09   8.77141481e-09   8.77197590e-09
    8.77197590e-09   8.77197590e-09   8.77197590e-09   8.77197590e-09
    8.77197590e-09   8.77141478e-09   8.77197590e-09   8.77197589e-09
    8.77253705e-09   8.77197590e-09   8.77197590e-09   0.00000000e+00]
 [  0.00000000e+00   6.62365091e-09   6.62352810e-09   6.62355193e-09
    6.62365091e-09   6.62365091e-09   6.62374984e-09   6.62377372e-09
    6.62365091e-09   6.62365091e-09   6.62365091e-09   6.62365091e-09
    6.62377372e-09   6.62374984e-09   6.62365091e-09   6.62365092e-09
    6.62355193e-09   6.62352810e-09   6.62356493e-09   0.00000000e+00]
 [  0.00000000e+00   4.41984294e-09   4.41968799e-09   4.41971319e-09
    4.41984293e-09   4.41984294e-09   4.41997268e-09   4.41999789e-09
    4.41984294e-09   4.41984294e-09   4.41984294e-09   4.41984294e-09
    4.41999789e-09   4.41997268e-09   4.41984294e-09   4.41984294e-09
    4.41971319e-09   4.41968799e-09   4.41973459e-09   0.00000000e+00]
 [  0.00000000e+00   4.40872701e-09   4.40872625e-09   4.40872643e-09
    4.40872734e-09   4.40872734e-09   4.40872827e-09   4.40872846e-09
    4.40872768e-09   4.40872734e-09   4.40872734e-09   4.40872768e-09
    4.40872846e-09   4.40872827e-09   4.40872734e-09   4.40872734e-09
    4.40872643e-09   4.40872625e-09   4.40873765e-09   0.00000000e+00]
 [  0.00000000e+00   4.40869043e-09   4.40869043e-09   4.40869043e-09
    4.40869043e-09   4.40869043e-09   4.40869044e-09   4.40869044e-09
    4.40869043e-09   4.40869043e-09   4.40869043e-09   4.40869043e-09
    4.40869044e-09   4.40869044e-09   4.40869043e-09   4.40869043e-09
    4.40869043e-09   4.40869043e-09   4.40870128e-09   0.00000000e+00]
 [  0.00000000e+00   4.40869035e-09   4.40869035e-09   4.40869035e-09
    4.40869035e-09   4.40869035e-09   4.40869035e-09   4.40869035e-09
    4.40869035e-09   4.40869035e-09   4.40869035e-09   4.40869035e-09
    4.40869035e-09   4.40869035e-09   4.40869035e-09   4.40869035e-09
    4.40869035e-09   4.40869035e-09   4.40869954e-09   0.00000000e+00]
 [  0.00000000e+00   4.40869035e-09   4.40869035e-09   4.40869035e-09
    4.40869035e-09   4.40869035e-09   4.40869035e-09   4.40869035e-09
    4.40869035e-09   4.40869035e-09   4.40869035e-09   4.40869035e-09
    4.40869035e-09   4.40869035e-09   4.40869035e-09   4.40869035e-09
    4.40869035e-09   4.40869035e-09   4.40869698e-09   0.00000000e+00]
 [  0.00000000e+00   4.40869035e-09   4.40869035e-09   4.40869035e-09
    4.40869035e-09   4.40869035e-09   4.40869035e-09   4.40869035e-09
    4.40869035e-09   4.40869035e-09   4.40869035e-09   4.40869035e-09
    4.40869035e-09   4.40869035e-09   4.40869035e-09   4.40869035e-09
    4.40869035e-09   4.40869035e-09   4.40869381e-09   0.00000000e+00]
 [  0.00000000e+00   4.40869035e-09   4.40869035e-09   4.40869035e-09
    4.40869035e-09   4.40869035e-09   4.40869035e-09   4.40869035e-09
    4.40869035e-09   4.40869035e-09   4.40869035e-09   4.40869035e-09
    4.40869035e-09   4.40869035e-09   4.40869035e-09   4.40869035e-09
    4.40869035e-09   4.40869035e-09   4.40869035e-09   0.00000000e+00]
 [  0.00000000e+00   4.40869035e-09   4.40869035e-09   4.40869035e-09
    4.40869035e-09   4.40869035e-09   4.40869035e-09   4.40869035e-09
    4.40869035e-09   4.40869035e-09   4.40869035e-09   4.40869035e-09
    4.40869035e-09   4.40869035e-09   4.40869035e-09   4.40869035e-09
    4.40869035e-09   4.40869035e-09   4.40869035e-09   0.00000000e+00]
 [  0.00000000e+00   4.40869035e-09   4.40869035e-09   4.40869035e-09
    4.40869035e-09   4.40869035e-09   4.40869035e-09   4.40869035e-09
    4.40869035e-09   4.40869035e-09   4.40869035e-09   4.40869035e-09
    4.40869035e-09   4.40869035e-09   4.40869035e-09   4.40869035e-09
    4.40869035e-09   4.40869035e-09   4.40869035e-09   0.00000000e+00]
 [  0.00000000e+00   4.40869035e-09   4.40869035e-09   4.40869035e-09
    4.40869035e-09   4.40869035e-09   4.40869035e-09   4.40869035e-09
    4.40869035e-09   4.40869035e-09   4.40869035e-09   4.40869035e-09
    4.40869035e-09   4.40869035e-09   4.40869035e-09   4.40869035e-09
    4.40869035e-09   4.40869035e-09   4.40869035e-09   0.00000000e+00]
 [  0.00000000e+00   4.40869035e-09   4.40869035e-09   4.40869035e-09
    4.40869035e-09   4.40869035e-09   4.40869035e-09   4.40869035e-09
    4.40869035e-09   4.40869035e-09   4.40869035e-09   4.40869035e-09
    4.40869035e-09   4.40869035e-09   4.40869035e-09   4.40869035e-09
    4.40869035e-09   4.40869035e-09   4.40869035e-09   0.00000000e+00]
 [  0.00000000e+00   4.40869035e-09   4.40869035e-09   4.40869035e-09
    4.40869035e-09   4.40869035e-09   4.40869035e-09   4.40869035e-09
    4.40869035e-09   4.40869035e-09   4.40869035e-09   4.40869035e-09
    4.40869035e-09   4.40869035e-09   4.40869035e-09   4.40869035e-09
    4.40869035e-09   4.40869035e-09   4.40869035e-09   0.00000000e+00]
 [  0.00000000e+00   4.40869035e-09   4.40869035e-09   4.40869035e-09
    4.40869035e-09   4.40869035e-09   4.40869035e-09   4.40869035e-09
    4.40869035e-09   4.40869035e-09   4.40869035e-09   4.40869035e-09
    4.40869035e-09   4.40869035e-09   4.40869035e-09   4.40869035e-09
    4.40869035e-09   4.40869035e-09   4.40869035e-09   0.00000000e+00]
 [  0.00000000e+00   4.40869035e-09   4.40869035e-09   4.40869035e-09
    4.40869035e-09   4.40869035e-09   4.40869035e-09   4.40869035e-09
    4.40869035e-09   4.40869035e-09   4.40869035e-09   4.40869035e-09
    4.40869035e-09   4.40869035e-09   4.40869035e-09   4.40869035e-09
    4.40869035e-09   4.40869035e-09   4.40869035e-09   0.00000000e+00]
 [  0.00000000e+00   4.40869035e-09   4.40869035e-09   4.40869035e-09
    4.40869035e-09   4.40869035e-09   4.40869035e-09   4.40869035e-09
    4.40869035e-09   4.40869035e-09   4.40869035e-09   4.40869035e-09
    4.40869035e-09   4.40869035e-09   4.40869035e-09   4.40869035e-09
    4.40869035e-09   4.40869035e-09   4.40869035e-09   0.00000000e+00]
 [  0.00000000e+00   4.40869035e-09   4.40869035e-09   4.40869035e-09
    4.40869035e-09   4.40869035e-09   4.40869035e-09   4.40869035e-09
    4.40869035e-09   4.40869035e-09   4.40869035e-09   4.40869035e-09
    4.40869035e-09   4.40869035e-09   4.40869035e-09   4.40869035e-09
    4.40869035e-09   4.40869035e-09   4.40869035e-09   0.00000000e+00]
 [  0.00000000e+00   0.00000000e+00   0.00000000e+00   0.00000000e+00
    0.00000000e+00   0.00000000e+00   0.00000000e+00   0.00000000e+00
    0.00000000e+00   0.00000000e+00   0.00000000e+00   0.00000000e+00
    0.00000000e+00   0.00000000e+00   0.00000000e+00   0.00000000e+00
    0.00000000e+00   0.00000000e+00   0.00000000e+00   0.00000000e+00]]
