[[ 0.          0.          0.          0.          0.          0.          0.
   0.          0.          0.          0.          0.          0.          0.
   0.          0.          0.          0.          0.          0.        ]
 [ 0.          0.00154177  0.00154177  0.00154177  0.00154177  0.00154177
   0.00154177  0.00154177  0.00154177  0.00154177  0.00154177  0.00154177
   0.00154177  0.00154177  0.00154177  0.00154177  0.00154177  0.00154177
   0.00154177  0.        ]
 [ 0.          0.00172353  0.00172353  0.00172353  0.00172353  0.00172353
   0.00172353  0.00172353  0.00172353  0.00172353  0.00172353  0.00172353
   0.00172353  0.00172353  0.00172353  0.00172353  0.00172353  0.00172353
   0.00172353  0.        ]
 [ 0.          0.00135455  0.00135455  0.00135455  0.00135455  0.00135455
   0.00135455  0.00135455  0.00135455  0.00135455  0.00135455  0.00135455
   0.00135455  0.00135455  0.00135455  0.00135455  0.00135455  0.00135455
   0.00135455  0.        ]
 [ 0.          0.00124355  0.00124355  0.00124355  0.00124355  0.00124355
   0.00124355  0.00124355  0.00124355  0.00124355  0.00124355  0.00124355
   0.00124355  0.00124355  0.00124355  0.00124355  0.00124355  0.00124355
   0.00124355  0.        ]
 [ 0.          0.00121626  0.00121626  0.00121626  0.00121626  0.00121626
   0.00121626  0.00121626  0.00121626  0.00121626  0.00121626  0.00121626
   0.00121626  0.00121626  0.00121626  0.00121626  0.00121626  0.00121626
   0.00121626  0.        ]
 [ 0.          0.00121067  0.00121067  0.00121067  0.00121067  0.00121067
   0.00121067  0.00121067  0.00121067  0.00121067  0.00121067  0.00121067
   0.00121067  0.00121067  0.00121067  0.00121067  0.00121067  0.00121067
   0.00121067  0.        ]
 [ 0.          0.0012097   0.0012097   0.0012097   0.0012097   0.0012097
   0.0012097   0.0012097   0.0012097   0.0012097   0.0012097   0.0012097
   0.0012097   0.0012097   0.0012097   0.0012097   0.0012097   0.0012097
   0.0012097   0.        ]
 [ 0.          0.00120955  0.00120955  0.00120955  0.00120955  0.00120955
   0.00120955  0.00120955  0.00120955  0.00120955  0.00120955  0.00120955
   0.00120955  0.00120955  0.00120955  0.00120955  0.00120955  0.00120955
   0.00120955  0.        ]
 [ 0.          0.00120953  0.00120953  0.00120953  0.00120953  0.00120953
   0.00120953  0.00120953  0.00120953  0.00120953  0.00120953  0.00120953
   0.00120953  0.00120953  0.00120953  0.00120953  0.00120953  0.00120953
   0.00120953  0.        ]
 [ 0.          0.00120953  0.00120953  0.00120953  0.00120953  0.00120953
   0.00120953  0.00120953  0.00120953  0.00120953  0.00120953  0.00120953
   0.00120953  0.00120953  0.00120953  0.00120953  0.00120953  0.00120953
   0.00120953  0.        ]
 [ 0.          0.00120953  0.00120953  0.00120953  0.00120953  0.00120953
   0.00120953  0.00120953  0.00120953  0.00120953  0.00120953  0.00120953
   0.00120953  0.00120953  0.00120953  0.00120953  0.00120953  0.00120953
   0.00120953  0.        ]
 [ 0.          0.00120953  0.00120953  0.00120953  0.00120953  0.00120953
   0.00120953  0.00120953  0.00120953  0.00120953  0.00120953  0.00120953
   0.00120953  0.00120953  0.00120953  0.00120953  0.00120953  0.00120953
   0.00120953  0.        ]
 [ 0.          0.00120953  0.00120953  0.00120953  0.00120953  0.00120953
   0.00120953  0.00120953  0.00120953  0.00120953  0.00120953  0.00120953
   0.00120953  0.00120953  0.00120953  0.00120953  0.00120953  0.00120953
   0.00120953  0.        ]
 [ 0.          0.00120953  0.00120953  0.00120953  0.00120953  0.00120953
   0.00120953  0.00120953  0.00120953  0.00120953  0.00120953  0.00120953
   0.00120953  0.00120953  0.00120953  0.00120953  0.00120953  0.00120953
   0.00120953  0.        ]
 [ 0.          0.00120953  0.00120953  0.00120953  0.00120953  0.00120953
   0.00120953  0.00120953  0.00120953  0.00120953  0.00120953  0.00120953
   0.00120953  0.00120953  0.00120953  0.00120953  0.00120953  0.00120953
   0.00120953  0.        ]
 [ 0.          0.00120953  0.00120953  0.00120953  0.00120953  0.00120953
   0.00120953  0.00120953  0.00120953  0.00120953  0.00120953  0.00120953
   0.00120953  0.00120953  0.00120953  0.00120953  0.00120953  0.00120953
   0.00120953  0.        ]
 [ 0.          0.00120953  0.00120953  0.00120953  0.00120953  0.00120953
   0.00120953  0.00120953  0.00120953  0.00120953  0.00120953  0.00120953
   0.00120953  0.00120953  0.00120953  0.00120953  0.00120953  0.00120953
   0.00120953  0.        ]
 [ 0.          0.00120953  0.00120953  0.00120953  0.00120953  0.00120953
   0.00120953  0.00120953  0.00120953  0.00120953  0.00120953  0.00120953
   0.00120953  0.00120953  0.00120953  0.00120953  0.00120953  0.00120953
   0.00120953  0.        ]
 [ 0.          0.          0.          0.          0.          0.          0.
   0.          0.          0.          0.          0.          0.          0.
   0.          0.          0.          0.          0.          0.        ]]
