[[ 0.          0.          0.          0.          0.          0.          0.
   0.          0.          0.          0.          0.          0.          0.
   0.          0.          0.          0.          0.          0.        ]
 [ 0.          0.01254809  0.01254809  0.01254809  0.01254809  0.01254809
   0.0129047   0.01283162  0.01270232  0.01258481  0.01251318  0.01239958
   0.01227639  0.01220243  0.01254809  0.01254809  0.01254809  0.01254809
   0.01254809  0.        ]
 [ 0.          0.02158717  0.02158717  0.02158717  0.02177284  0.02180283
   0.02205302  0.02196769  0.02180952  0.02164714  0.02153127  0.02137223
   0.02121629  0.02112586  0.02137945  0.02140718  0.02158717  0.02158717
   0.02158717  0.        ]
 [ 0.          0.02522419  0.02522419  0.02532911  0.02547435  0.02550927
   0.02566617  0.02559256  0.02545252  0.02529234  0.02516191  0.02500369
   0.02486301  0.0247833   0.02494491  0.02497847  0.02512241  0.02522419
   0.02522419  0.        ]
 [ 0.          0.02718145  0.02718801  0.02724722  0.02733046  0.0273499
   0.02744428  0.02740162  0.02731966  0.02722381  0.02714295  0.02704422
   0.02695623  0.02690557  0.02700478  0.02702585  0.02711285  0.02717482
   0.02717484  0.        ]
 [ 0.          0.02815219  0.02815746  0.02818898  0.02823442  0.02824473
   0.02829902  0.02827537  0.02822985  0.02817632  0.02813043  0.02807423
   0.02802375  0.0279942   0.02805266  0.02806439  0.02811314  0.02814681
   0.02814683  0.        ]
 [ 0.          0.02858774  0.02858937  0.02860455  0.02862781  0.0286328
   0.0286629   0.02865072  0.02862716  0.0285997   0.02857635  0.02854693
   0.0285199   0.02850384  0.02853703  0.02854303  0.02856871  0.02858533
   0.02858536  0.        ]
 [ 0.          0.02875533  0.02875489  0.02876133  0.02877247  0.02877468
   0.02879084  0.02878509  0.02877379  0.02876092  0.02875064  0.02873655
   0.0287231   0.02871501  0.02873326  0.0287361   0.02874879  0.02875607
   0.0287561   0.        ]
 [ 0.          0.0288028   0.02880155  0.02880378  0.02880873  0.02880961
   0.02881806  0.02881566  0.02881074  0.02880534  0.02880173  0.02879565
   0.02878951  0.02878581  0.02879558  0.0287968   0.02880265  0.02880531
   0.02880532  0.        ]
 [ 0.          0.02880403  0.02880272  0.02880316  0.02880516  0.02880546
   0.02880977  0.02880896  0.02880711  0.02880521  0.02880448  0.02880225
   0.02879976  0.02879828  0.02880338  0.02880385  0.02880633  0.02880694
   0.02880695  0.        ]
 [ 0.          0.02879216  0.0287911   0.02879092  0.02879163  0.0287917
   0.02879385  0.02879369  0.02879317  0.02879273  0.02879302  0.02879243
   0.02879161  0.02879113  0.02879373  0.02879388  0.02879481  0.02879468
   0.02879468  0.        ]
 [ 0.          0.02877993  0.02877919  0.02877889  0.02877908  0.02877907
   0.02878012  0.02878018  0.02878014  0.0287802   0.02878072  0.02878073
   0.02878056  0.02878049  0.02878178  0.02878181  0.02878209  0.02878178
   0.02878178  0.        ]
 [ 0.          0.02877093  0.02877046  0.02877021  0.02877022  0.02877019
   0.02877069  0.02877078  0.02877087  0.02877104  0.02877151  0.02877167
   0.02877171  0.02877176  0.02877238  0.02877237  0.02877241  0.02877214
   0.02877214  0.        ]
 [ 0.          0.02876524  0.02876496  0.02876479  0.02876476  0.02876474
   0.02876496  0.02876504  0.02876513  0.02876528  0.0287656   0.02876576
   0.02876584  0.0287659   0.02876619  0.02876617  0.02876615  0.02876596
   0.02876596  0.        ]
 [ 0.          0.02876198  0.02876182  0.02876172  0.02876169  0.02876167
   0.02876177  0.02876182  0.02876188  0.02876199  0.02876218  0.02876229
   0.02876236  0.0287624   0.02876254  0.02876252  0.02876249  0.02876237
   0.02876237  0.        ]
 [ 0.          0.02876023  0.02876015  0.02876009  0.02876007  0.02876006
   0.0287601   0.02876013  0.02876017  0.02876023  0.02876033  0.0287604
   0.02876044  0.02876047  0.02876053  0.02876052  0.02876049  0.02876043
   0.02876043  0.        ]
 [ 0.          0.02875935  0.02875931  0.02875928  0.02875927  0.02875926
   0.02875928  0.02875929  0.02875931  0.02875935  0.0287594   0.02875943
   0.02875946  0.02875947  0.0287595   0.02875949  0.02875948  0.02875944
   0.02875944  0.        ]
 [ 0.          0.02875892  0.02875891  0.02875889  0.02875889  0.02875888
   0.02875889  0.0287589   0.02875891  0.02875892  0.02875895  0.02875897
   0.02875898  0.02875899  0.028759    0.02875899  0.02875898  0.02875897
   0.02875897  0.        ]
 [ 0.          0.02875892  0.02875891  0.02875889  0.02875888  0.02875888
   0.02875889  0.0287589   0.02875891  0.02875892  0.02875895  0.02875896
   0.02875898  0.02875899  0.028759    0.02875899  0.02875898  0.02875896
   0.02875896  0.        ]
 [ 0.          0.          0.          0.          0.          0.          0.
   0.          0.          0.          0.          0.          0.          0.
   0.          0.          0.          0.          0.          0.        ]]
