[[ 0.          0.          0.          0.          0.          0.          0.
   0.          0.          0.          0.          0.          0.          0.
   0.          0.          0.          0.          0.          0.        ]
 [ 0.          0.0071099   0.0071099   0.0071099   0.0071099   0.0071099
   0.0071099   0.0071099   0.0071099   0.0071099   0.0071099   0.0071099
   0.0071099   0.0071099   0.0071099   0.0071099   0.0071099   0.0071099
   0.0071099   0.        ]
 [ 0.          0.01448828  0.01448828  0.01448828  0.01448828  0.01448828
   0.01448828  0.01448828  0.01448828  0.01448828  0.01448828  0.01448828
   0.01448828  0.01448828  0.01448828  0.01448828  0.01448828  0.01448828
   0.01448828  0.        ]
 [ 0.          0.01997807  0.01997807  0.01997807  0.01997807  0.01997807
   0.01997807  0.01997807  0.01997807  0.01997807  0.01997807  0.01997807
   0.01997807  0.01997807  0.01997807  0.01997807  0.01997807  0.01997807
   0.01997807  0.        ]
 [ 0.          0.02653742  0.02653742  0.02653742  0.02653742  0.02653742
   0.02653742  0.02653742  0.02653742  0.02653742  0.02653742  0.02653742
   0.02653742  0.02653742  0.02653742  0.02653742  0.02653742  0.02653742
   0.02653742  0.        ]
 [ 0.          0.03304922  0.03304922  0.03304922  0.03304922  0.03304922
   0.03304922  0.03304922  0.03304922  0.03304922  0.03304922  0.03304922
   0.03304922  0.03304922  0.03304922  0.03304922  0.03304922  0.03304922
   0.03304922  0.        ]
 [ 0.          0.03901076  0.03901076  0.03901076  0.03901076  0.03901076
   0.03901076  0.03901076  0.03901076  0.03901076  0.03901076  0.03901076
   0.03901076  0.03901076  0.03901076  0.03901076  0.03901076  0.03901076
   0.03901076  0.        ]
 [ 0.          0.04417963  0.04417963  0.04417963  0.04417963  0.04417963
   0.04417963  0.04417963  0.04417963  0.04417963  0.04417963  0.04417963
   0.04417963  0.04417963  0.04417963  0.04417963  0.04417963  0.04417963
   0.04417963  0.        ]
 [ 0.          0.04846361  0.04846361  0.04846361  0.04846361  0.04846361
   0.04846361  0.04846361  0.04846361  0.04846361  0.04846361  0.04846361
   0.04846361  0.04846361  0.04846361  0.04846361  0.04846361  0.04846361
   0.04846361  0.        ]
 [ 0.          0.05187335  0.05187335  0.05187335  0.05187335  0.05187335
   0.05187335  0.05187335  0.05187335  0.05187335  0.05187335  0.05187335
   0.05187335  0.05187335  0.05187335  0.05187335  0.05187335  0.05187335
   0.05187335  0.        ]
 [ 0.          0.05448795  0.05448795  0.05448795  0.05448795  0.05448795
   0.05448795  0.05448795  0.05448795  0.05448795  0.05448795  0.05448795
   0.05448795  0.05448795  0.05448795  0.05448795  0.05448795  0.05448795
   0.05448795  0.        ]
 [ 0.          0.05642448  0.05642448  0.05642448  0.05642448  0.05642448
   0.05642448  0.05642448  0.05642448  0.05642448  0.05642448  0.05642448
   0.05642448  0.05642448  0.05642448  0.05642448  0.05642448  0.05642448
   0.05642448  0.        ]
 [ 0.          0.05781294  0.05781294  0.05781294  0.05781294  0.05781294
   0.05781294  0.05781294  0.05781294  0.05781294  0.05781294  0.05781294
   0.05781294  0.05781294  0.05781294  0.05781294  0.05781294  0.05781294
   0.05781294  0.        ]
 [ 0.          0.05877844  0.05877844  0.05877844  0.05877844  0.05877844
   0.05877844  0.05877844  0.05877844  0.05877844  0.05877844  0.05877844
   0.05877844  0.05877844  0.05877844  0.05877844  0.05877844  0.05877844
   0.05877844  0.        ]
 [ 0.          0.05943067  0.05943067  0.05943067  0.05943067  0.05943067
   0.05943067  0.05943067  0.05943067  0.05943067  0.05943067  0.05943067
   0.05943067  0.05943067  0.05943067  0.05943067  0.05943067  0.05943067
   0.05943067  0.        ]
 [ 0.          0.05985926  0.05985926  0.05985926  0.05985926  0.05985926
   0.05985926  0.05985926  0.05985926  0.05985926  0.05985926  0.05985926
   0.05985926  0.05985926  0.05985926  0.05985926  0.05985926  0.05985926
   0.05985926  0.        ]
 [ 0.          0.06013356  0.06013356  0.06013356  0.06013356  0.06013356
   0.06013356  0.06013356  0.06013356  0.06013356  0.06013356  0.06013356
   0.06013356  0.06013356  0.06013356  0.06013356  0.06013356  0.06013356
   0.06013356  0.        ]
 [ 0.          0.06030467  0.06030467  0.06030467  0.06030467  0.06030467
   0.06030467  0.06030467  0.06030467  0.06030467  0.06030467  0.06030467
   0.06030467  0.06030467  0.06030467  0.06030467  0.06030467  0.06030467
   0.06030467  0.        ]
 [ 0.          0.06030506  0.06030506  0.06030506  0.06030506  0.06030506
   0.06030506  0.06030506  0.06030506  0.06030506  0.06030506  0.06030506
   0.06030506  0.06030506  0.06030506  0.06030506  0.06030506  0.06030506
   0.06030506  0.        ]
 [ 0.          0.          0.          0.          0.          0.          0.
   0.          0.          0.          0.          0.          0.          0.
   0.          0.          0.          0.          0.          0.        ]]
