[[ 0.          0.          0.          0.          0.          0.          0.
   0.          0.          0.          0.          0.          0.          0.
   0.          0.          0.          0.          0.          0.        ]
 [ 0.          0.01405263  0.01405263  0.01405263  0.01405263  0.01405263
   0.01458642  0.01447693  0.0142828   0.01410745  0.01400212  0.01383613
   0.0136568   0.01354533  0.01405263  0.01405263  0.01405263  0.01405263
   0.01405263  0.        ]
 [ 0.          0.02810526  0.02810526  0.02810526  0.02871324  0.02881261
   0.02934979  0.02912742  0.02870892  0.02827294  0.02796336  0.02755864
   0.02717641  0.02694868  0.0274647   0.02754332  0.02810526  0.02810526
   0.02810526  0.        ]
 [ 0.          0.04215789  0.04215789  0.04318997  0.0441867   0.0444792
   0.0450358   0.04458813  0.04371494  0.04265871  0.04178909  0.04085087
   0.04009945  0.03967225  0.04017369  0.04038086  0.04123148  0.04215789
   0.04215789  0.        ]
 [ 0.          0.05621053  0.05662819  0.05791281  0.0591034   0.05947526
   0.06003923  0.05949084  0.05840769  0.05698534  0.05569886  0.05439184
   0.05340103  0.05282903  0.05331797  0.05359433  0.05462046  0.05582432
   0.0558245   0.        ]
 [ 0.          0.07026316  0.07120278  0.07277751  0.07418039  0.07463497
   0.07518746  0.07450679  0.073195    0.07138645  0.06958102  0.06788794
   0.06666681  0.06594628  0.06640926  0.06673953  0.06792537  0.06938724
   0.06938746  0.        ]
 [ 0.          0.08458134  0.08586875  0.08773673  0.08934532  0.08986944
   0.09038607  0.08954841  0.08799924  0.08583547  0.08343463  0.08136066
   0.07990629  0.07902475  0.07944455  0.07981749  0.08115457  0.08287131
   0.08287153  0.        ]
 [ 0.          0.09895922  0.10060515  0.10276902  0.10457638  0.10515761
   0.10561119  0.10458458  0.1027691   0.10028667  0.09726474  0.09483918
   0.09313983  0.09208311  0.09244259  0.0928488   0.09432962  0.09629656
   0.09629678  0.        ]
 [ 0.          0.11337994  0.11539053  0.11785168  0.11985032  0.12047793
   0.12084334  0.11959755  0.11747736  0.1146757   0.11109227  0.10833996
   0.10637683  0.10513374  0.10541929  0.10585271  0.1074716   0.10968263
   0.10968284  0.        ]
 [ 0.          0.12782325  0.13020297  0.13296236  0.13514596  0.13581304
   0.13607121  0.13458506  0.13213056  0.12895697  0.12494968  0.12185556
   0.11961481  0.11818258  0.11838708  0.11884641  0.12060046  0.12304887
   0.12304904  0.        ]
 [ 0.          0.14226718  0.14501426  0.14806993  0.15043616  0.15114548
   0.15129374  0.14957091  0.14678386  0.14323744  0.13881241  0.13537543
   0.13285603  0.13123595  0.13135527  0.13184179  0.13372951  0.13641222
   0.13641236  0.        ]
 [ 0.          0.1566892   0.15979469  0.16314174  0.16569297  0.16645819
   0.16651237  0.16458316  0.16149861  0.15763049  0.15267334  0.14889579
   0.1461069   0.14430207  0.14433337  0.1448496   0.14687047  0.1497892
   0.14978935  0.        ]
 [ 0.          0.17106836  0.17452087  0.17815391  0.18089425  0.18173358
   0.18171791  0.17962341  0.17628729  0.17210807  0.16658641  0.16242046
   0.15937018  0.15738891  0.15733395  0.1578854   0.16004127  0.16319914
   0.16319929  0.        ]
 [ 0.          0.18538453  0.18917053  0.19308264  0.19601617  0.19694929
   0.19689227  0.19467621  0.19112774  0.18662579  0.18058056  0.17597632
   0.17265954  0.17050967  0.17037286  0.17096689  0.17326152  0.17666242
   0.17666258  0.        ]
 [ 0.          0.19943585  0.20372157  0.20790515  0.21103383  0.21207819
   0.21200723  0.20970759  0.20597191  0.2011434   0.19465323  0.18959695
   0.18599888  0.18368389  0.18347004  0.18411442  0.18655267  0.19020055
   0.19020078  0.        ]
 [ 0.          0.21348604  0.21815804  0.22260053  0.22592226  0.22708967
   0.22702663  0.22467023  0.22076102  0.21562248  0.20878212  0.2033072
   0.19941711  0.19693646  0.19664951  0.19735103  0.19993796  0.20383597
   0.20383616  0.        ]
 [ 0.          0.22753432  0.23220422  0.23714628  0.24065798  0.24195237
   0.24191086  0.23951217  0.23543853  0.23002706  0.22293499  0.2171155
   0.21294123  0.21029489  0.20993827  0.21070194  0.21344195  0.21788689
   0.21788689  0.        ]
 [ 0.          0.24157945  0.24624618  0.25118405  0.25521288  0.25663745
   0.25662269  0.25418605  0.24995894  0.24432676  0.23707761  0.23101407
   0.22659015  0.22378536  0.22336416  0.2241932   0.22749241  0.23193624
   0.23193624  0.        ]
 [ 0.          0.24160614  0.24627286  0.25121073  0.2552403   0.25666505
   0.25665034  0.25421366  0.24998635  0.24435385  0.23710449  0.2310406
   0.22661631  0.22381128  0.22338995  0.22421909  0.22751911  0.23196293
   0.23196293  0.        ]
 [ 0.          0.          0.          0.          0.          0.          0.
   0.          0.          0.          0.          0.          0.          0.
   0.          0.          0.          0.          0.          0.        ]]
