[[ 0.          0.          0.          0.          0.          0.          0.
   0.          0.          0.          0.          0.          0.          0.
   0.          0.          0.          0.          0.          0.        ]
 [ 0.          0.01405136  0.01405136  0.01445129  0.01405684  0.01405143
   0.01367101  0.01405136  0.01405136  0.01405136  0.01405136  0.01405136
   0.01405136  0.0136537   0.01405144  0.01404546  0.01447043  0.01405136
   0.01405136  0.        ]
 [ 0.          0.02807161  0.0287632   0.02903581  0.02810172  0.0280725
   0.02718948  0.0274359   0.02807161  0.02807161  0.02807161  0.02807161
   0.02744153  0.02712027  0.02807264  0.02803871  0.02906355  0.0287788
   0.02877848  0.        ]
 [ 0.          0.04167917  0.043714    0.0437925   0.04179463  0.04168475
   0.03986129  0.03985045  0.04167917  0.04167917  0.04167917  0.04167917
   0.03985467  0.03965329  0.04168593  0.04155013  0.04381314  0.04378257
   0.04378218  0.        ]
 [ 0.          0.05504198  0.05712998  0.05713428  0.0548057   0.05463403
   0.05239368  0.05222219  0.05423062  0.05462312  0.05462312  0.05425352
   0.05222472  0.05207821  0.05463677  0.05441425  0.05715242  0.05721889
   0.0572189   0.        ]
 [ 0.          0.06740511  0.06948475  0.06939888  0.06685752  0.06663832
   0.06412821  0.06382504  0.06586916  0.06662266  0.06662266  0.06590907
   0.06382473  0.06374515  0.06664261  0.06635033  0.06941079  0.06958384
   0.0695839   0.        ]
 [ 0.          0.07850258  0.080467    0.08029561  0.07770808  0.07746848
   0.07484575  0.07444059  0.07642237  0.07745049  0.07745049  0.07647077
   0.0744374   0.07444489  0.07747356  0.07715002  0.08030191  0.08056386
   0.08056394  0.        ]
 [ 0.          0.08816467  0.08994157  0.08969859  0.08720704  0.08697652
   0.08439321  0.08392193  0.08576613  0.0869592   0.0869592   0.08581469
   0.08391706  0.08401935  0.08698135  0.08667022  0.08970165  0.09002717
   0.09002723  0.        ]
 [ 0.          0.09633482  0.09788386  0.09759497  0.09530141  0.0951039
   0.09268233  0.0921851   0.0938418   0.09508957  0.09508957  0.09388418
   0.09218049  0.09236553  0.09510777  0.09484369  0.09759761  0.09795317
   0.09795317  0.        ]
 [ 0.          0.10305499  0.10436366  0.10406063  0.10202484  0.10187432
   0.09969531  0.09921235  0.10065572  0.1018639   0.1018639   0.10068833
   0.0992098   0.09944948  0.10187703  0.1016781   0.10406494  0.10441529
   0.10441522  0.        ]
 [ 0.          0.10844319  0.1095157   0.10922867  0.10748964  0.10737718
   0.10548905  0.10504585  0.10626666  0.10736972  0.10736972  0.10629118
   0.10504475  0.10530243  0.10737904  0.10723197  0.1092335   0.10955354
   0.10955349  0.        ]
 [ 0.          0.11265948  0.11351658  0.11326905  0.11182739  0.11175574
   0.11016245  0.10977305  0.11077932  0.1117393   0.1117393   0.11079931
   0.10977715  0.11002147  0.111734    0.11163948  0.11326363  0.11354265
   0.1135426   0.        ]
 [ 0.          0.11588349  0.11655325  0.11635656  0.11519263  0.11515695
   0.11384563  0.11351891  0.11432919  0.11512908  0.11512908  0.11434651
   0.11352885  0.1137394   0.11510852  0.11505799  0.11633852  0.11657007
   0.11657004  0.        ]
 [ 0.          0.11829614  0.11880877  0.11866343  0.11774701  0.11773812
   0.11668617  0.11642377  0.11706214  0.11770217  0.11770217  0.11707738
   0.11643823  0.11660639  0.1176713   0.11765217  0.11863498  0.1188189
   0.11881887  0.        ]
 [ 0.          0.12006549  0.12045014  0.12034928  0.119646    0.11965351
   0.11883269  0.11862994  0.11912229  0.11961506  0.11961506  0.11913539
   0.11864675  0.11877321  0.11958045  0.11958026  0.12031501  0.12045579
   0.12045577  0.        ]
 [ 0.          0.12133874  0.12162173  0.12155524  0.12102995  0.1210448
   0.12042334  0.12027184  0.12064353  0.12100904  0.12100904  0.12065426
   0.12028881  0.12037962  0.1209763   0.12098508  0.12152022  0.12162464
   0.12162463  0.        ]
 [ 0.          0.12222949  0.12244297  0.12240071  0.12201947  0.12203524
   0.12157963  0.12146958  0.12175707  0.12200556  0.12200556  0.12176414
   0.12148527  0.12154816  0.12197819  0.12198928  0.12236911  0.12244435
   0.12244433  0.        ]
 [ 0.          0.12285446  0.12300894  0.12298261  0.12271405  0.12272722
   0.12240412  0.12232645  0.12253878  0.12270489  0.12270489  0.12254337
   0.12233961  0.12238209  0.12268422  0.12269402  0.12295693  0.12300955
   0.12300954  0.        ]
 [ 0.          0.12285565  0.12301     0.1229837   0.12271537  0.12272853
   0.1224057   0.1223281   0.12254026  0.12270622  0.12270622  0.12254485
   0.12234125  0.12238369  0.12268556  0.12269536  0.12295804  0.12301062
   0.12301062  0.        ]
 [ 0.          0.          0.          0.          0.          0.          0.
   0.          0.          0.          0.          0.          0.          0.
   0.          0.          0.          0.          0.          0.        ]]
