[[ 0.          0.          0.          0.          0.          0.          0.
   0.          0.          0.          0.          0.          0.          0.
   0.          0.          0.          0.          0.          0.        ]
 [ 0.          0.00711166  0.00711166  0.00711166  0.00711166  0.00711166
   0.00711166  0.00711166  0.00711166  0.00711166  0.00711166  0.00711166
   0.00711166  0.00711166  0.00711166  0.00711166  0.00711166  0.00711166
   0.00711166  0.        ]
 [ 0.          0.01451185  0.01451185  0.01451185  0.01451185  0.01451185
   0.01451185  0.01451185  0.01451185  0.01451185  0.01451185  0.01451185
   0.01451185  0.01451185  0.01451185  0.01451185  0.01451185  0.01451185
   0.01451185  0.        ]
 [ 0.          0.02012816  0.02012816  0.02012816  0.02012816  0.02012816
   0.02012816  0.02012816  0.02012816  0.02012816  0.02012816  0.02012816
   0.02012816  0.02012816  0.02012816  0.02012816  0.02012816  0.02012816
   0.02012816  0.        ]
 [ 0.          0.02709571  0.02709571  0.02709571  0.02709571  0.02709571
   0.02709571  0.02709571  0.02709571  0.02709571  0.02709571  0.02709571
   0.02709571  0.02709571  0.02709571  0.02709571  0.02709571  0.02709571
   0.02709571  0.        ]
 [ 0.          0.03451101  0.03451101  0.03451101  0.03451101  0.03451101
   0.03451101  0.03451101  0.03451101  0.03451101  0.03451101  0.03451101
   0.03451101  0.03451101  0.03451101  0.03451101  0.03451101  0.03451101
   0.03451101  0.        ]
 [ 0.          0.04207455  0.04207455  0.04207455  0.04207455  0.04207455
   0.04207455  0.04207455  0.04207455  0.04207455  0.04207455  0.04207455
   0.04207455  0.04207455  0.04207455  0.04207455  0.04207455  0.04207455
   0.04207455  0.        ]
 [ 0.          0.04968673  0.04968673  0.04968673  0.04968673  0.04968673
   0.04968673  0.04968673  0.04968673  0.04968673  0.04968673  0.04968673
   0.04968673  0.04968673  0.04968673  0.04968673  0.04968673  0.04968673
   0.04968673  0.        ]
 [ 0.          0.05731372  0.05731372  0.05731372  0.05731372  0.05731372
   0.05731372  0.05731372  0.05731372  0.05731372  0.05731372  0.05731372
   0.05731372  0.05731372  0.05731372  0.05731372  0.05731372  0.05731372
   0.05731372  0.        ]
 [ 0.          0.06494247  0.06494247  0.06494247  0.06494247  0.06494247
   0.06494247  0.06494247  0.06494247  0.06494247  0.06494247  0.06494247
   0.06494247  0.06494247  0.06494247  0.06494247  0.06494247  0.06494247
   0.06494247  0.        ]
 [ 0.          0.07256515  0.07256515  0.07256515  0.07256515  0.07256515
   0.07256515  0.07256515  0.07256515  0.07256515  0.07256515  0.07256515
   0.07256515  0.07256515  0.07256515  0.07256515  0.07256515  0.07256515
   0.07256515  0.        ]
 [ 0.          0.08017306  0.08017306  0.08017306  0.08017306  0.08017306
   0.08017306  0.08017306  0.08017306  0.08017306  0.08017306  0.08017306
   0.08017306  0.08017306  0.08017306  0.08017306  0.08017306  0.08017306
   0.08017306  0.        ]
 [ 0.          0.0877536   0.0877536   0.0877536   0.0877536   0.0877536
   0.0877536   0.0877536   0.0877536   0.0877536   0.0877536   0.0877536
   0.0877536   0.0877536   0.0877536   0.0877536   0.0877536   0.0877536
   0.0877536   0.        ]
 [ 0.          0.09528833  0.09528833  0.09528833  0.09528833  0.09528833
   0.09528833  0.09528833  0.09528833  0.09528833  0.09528833  0.09528833
   0.09528833  0.09528833  0.09528833  0.09528833  0.09528833  0.09528833
   0.09528833  0.        ]
 [ 0.          0.10275169  0.10275169  0.10275169  0.10275169  0.10275169
   0.10275169  0.10275169  0.10275169  0.10275169  0.10275169  0.10275169
   0.10275169  0.10275169  0.10275169  0.10275169  0.10275169  0.10275169
   0.10275169  0.        ]
 [ 0.          0.11011038  0.11011038  0.11011038  0.11011038  0.11011038
   0.11011038  0.11011038  0.11011038  0.11011038  0.11011038  0.11011038
   0.11011038  0.11011038  0.11011038  0.11011038  0.11011038  0.11011038
   0.11011038  0.        ]
 [ 0.          0.11732363  0.11732363  0.11732363  0.11732363  0.11732363
   0.11732363  0.11732363  0.11732363  0.11732363  0.11732363  0.11732363
   0.11732363  0.11732363  0.11732363  0.11732363  0.11732363  0.11732363
   0.11732363  0.        ]
 [ 0.          0.12434437  0.12434437  0.12434437  0.12434437  0.12434437
   0.12434437  0.12434437  0.12434437  0.12434437  0.12434437  0.12434437
   0.12434437  0.12434437  0.12434437  0.12434437  0.12434437  0.12434437
   0.12434437  0.        ]
 [ 0.          0.12436038  0.12436038  0.12436038  0.12436038  0.12436038
   0.12436038  0.12436038  0.12436038  0.12436038  0.12436038  0.12436038
   0.12436038  0.12436038  0.12436038  0.12436038  0.12436038  0.12436038
   0.12436038  0.        ]
 [ 0.          0.          0.          0.          0.          0.          0.
   0.          0.          0.          0.          0.          0.          0.
   0.          0.          0.          0.          0.          0.        ]]
