[[ 0.          0.          0.          0.          0.          0.          0.
   0.          0.          0.          0.          0.          0.          0.
   0.          0.          0.          0.          0.          0.        ]
 [ 0.          0.00114188  0.00114188  0.00137744  0.00116092  0.00114317
   0.00096639  0.00114188  0.00114188  0.00114188  0.00114188  0.00114188
   0.00114188  0.00091438  0.00114389  0.00111366  0.00146503  0.00114188
   0.00114188  0.        ]
 [ 0.          0.0019754   0.00216357  0.00227529  0.00201003  0.00197882
   0.00173073  0.00184449  0.0019754   0.0019754   0.0019754   0.0019754
   0.00185491  0.00163464  0.00198063  0.00192889  0.00231555  0.00218504
   0.00218501  0.        ]
 [ 0.          0.00232712  0.00257733  0.00265185  0.00237591  0.00233338
   0.00207005  0.00211645  0.00232712  0.00232712  0.00232712  0.00232712
   0.00212818  0.00195272  0.00233796  0.00225729  0.00268778  0.00260626
   0.00260625  0.        ]
 [ 0.          0.00256631  0.00267905  0.00273383  0.00258926  0.00256245
   0.00236024  0.0023766   0.00254912  0.00255786  0.00255786  0.00255264
   0.00238763  0.00225438  0.00256668  0.00250881  0.00276386  0.00268983
   0.00268983  0.        ]
 [ 0.          0.00271755  0.00280634  0.00283672  0.00273225  0.00271125
   0.00256644  0.00257109  0.00269544  0.00270739  0.00270739  0.00269971
   0.00258042  0.00248384  0.00271503  0.002668    0.00285482  0.00281754
   0.00281755  0.        ]
 [ 0.          0.00281262  0.00286308  0.00288474  0.00282038  0.00280602
   0.00270549  0.00270602  0.00279166  0.00280322  0.00280322  0.00279534
   0.00271326  0.00264624  0.00280889  0.00277526  0.00289788  0.00286891
   0.00286892  0.        ]
 [ 0.          0.00287166  0.00290477  0.00291751  0.00287556  0.00286591
   0.00279734  0.00279672  0.0028544   0.00286401  0.00286401  0.00285713
   0.00280197  0.00275722  0.00286785  0.00284517  0.00292568  0.00290877
   0.00290877  0.        ]
 [ 0.          0.00290796  0.00292816  0.00293643  0.00290962  0.00290343
   0.0028573   0.00285662  0.00289493  0.00290223  0.00290223  0.00289677
   0.00286022  0.00283128  0.00290462  0.00289024  0.00294159  0.00293048
   0.00293048  0.        ]
 [ 0.          0.00293011  0.0029427   0.00294781  0.00293056  0.00292676
   0.00289606  0.0028957   0.00292085  0.00292604  0.00292604  0.00292199
   0.00289804  0.00287977  0.00292745  0.00291879  0.00295095  0.00294408
   0.00294408  0.        ]
 [ 0.          0.00294353  0.00295125  0.00295447  0.00294351  0.00294119
   0.00292102  0.00292089  0.00293722  0.00294076  0.00294076  0.00293791
   0.00292238  0.00291092  0.00294159  0.00293639  0.00295639  0.00295207
   0.00295207  0.        ]
 [ 0.          0.0029516   0.00295632  0.00295838  0.00295146  0.00295018
   0.00293693  0.00293693  0.00294746  0.00294979  0.00294979  0.00294788
   0.00293793  0.00293074  0.00295009  0.00294717  0.00295946  0.00295683
   0.00295683  0.        ]
 [ 0.          0.00295644  0.00295931  0.00296065  0.0029563   0.00295568
   0.00294698  0.00294706  0.00295379  0.00295528  0.00295528  0.00295405
   0.00294775  0.00294324  0.00295527  0.00295373  0.0029612   0.00295963
   0.00295963  0.        ]
 [ 0.          0.00295932  0.00296106  0.00296194  0.00295921  0.00295898
   0.00295329  0.0029534   0.00295768  0.00295861  0.00295861  0.00295784
   0.00295389  0.00295106  0.00295844  0.00295768  0.00296219  0.00296126
   0.00296126  0.        ]
 [ 0.          0.00296103  0.00296207  0.00296266  0.00296096  0.00296092
   0.00295723  0.00295734  0.00296005  0.0029606   0.0029606   0.00296014
   0.00295769  0.00295592  0.00296041  0.00296005  0.00296276  0.00296221
   0.00296221  0.        ]
 [ 0.          0.00296204  0.00296267  0.00296305  0.002962    0.00296204
   0.00295967  0.00295978  0.00296147  0.00296179  0.00296179  0.00296152
   0.00296002  0.00295891  0.00296162  0.00296146  0.00296307  0.00296276
   0.00296276  0.        ]
 [ 0.          0.00296263  0.00296301  0.00296326  0.00296262  0.00296267
   0.00296117  0.00296126  0.00296232  0.00296249  0.00296249  0.00296235
   0.00296143  0.00296074  0.00296237  0.0029623   0.00296326  0.00296307
   0.00296307  0.        ]
 [ 0.          0.00296298  0.00296321  0.00296337  0.00296298  0.00296302
   0.00296209  0.00296217  0.00296281  0.00296291  0.00296291  0.00296283
   0.00296228  0.00296185  0.00296282  0.00296279  0.00296336  0.00296325
   0.00296325  0.        ]
 [ 0.          0.00296298  0.00296321  0.00296337  0.00296298  0.00296302
   0.0029621   0.00296217  0.00296281  0.00296291  0.00296291  0.00296283
   0.00296228  0.00296185  0.00296282  0.00296279  0.00296336  0.00296325
   0.00296325  0.        ]
 [ 0.          0.          0.          0.          0.          0.          0.
   0.          0.          0.          0.          0.          0.          0.
   0.          0.          0.          0.          0.          0.        ]]
